Copyright 1986-2021 Xilinx, Inc. All Rights Reserved.
-------------------------------------------------------------------------------------
| Tool Version : Vivado v.2021.2 (win64) Build 3367213 Tue Oct 19 02:48:09 MDT 2021
| Date         : Mon Feb 26 18:44:14 2024
| Host         : DESKTOP-QG17U6G running 64-bit major release  (build 9200)
| Command      : report_control_sets -verbose -file softmax1_control_sets_placed.rpt
| Design       : softmax1
| Device       : xc7a200t
-------------------------------------------------------------------------------------

Control Set Information

Table of Contents
-----------------
1. Summary
2. Histogram
3. Flip-Flop Distribution
4. Detailed Control Set Information

1. Summary
----------

+----------------------------------------------------------+-------+
|                          Status                          | Count |
+----------------------------------------------------------+-------+
| Total control sets                                       |    11 |
|    Minimum number of control sets                        |    11 |
|    Addition due to synthesis replication                 |     0 |
|    Addition due to physical synthesis replication        |     0 |
| Unused register locations in slices containing registers |    40 |
+----------------------------------------------------------+-------+
* Control sets can be merged at opt_design using control_set_merge or merge_equivalent_drivers
** Run report_qor_suggestions for automated merging and remapping suggestions


2. Histogram
------------

+--------------------+-------+
|       Fanout       | Count |
+--------------------+-------+
| Total control sets |    11 |
| >= 0 to < 4        |     0 |
| >= 4 to < 6        |     2 |
| >= 6 to < 8        |     0 |
| >= 8 to < 10       |     0 |
| >= 10 to < 12      |     1 |
| >= 12 to < 14      |     0 |
| >= 14 to < 16      |     0 |
| >= 16              |     8 |
+--------------------+-------+
* Control sets can be remapped at either synth_design or opt_design


3. Flip-Flop Distribution
-------------------------

+--------------+-----------------------+------------------------+-----------------+--------------+
| Clock Enable | Synchronous Set/Reset | Asynchronous Set/Reset | Total Registers | Total Slices |
+--------------+-----------------------+------------------------+-----------------+--------------+
| No           | No                    | No                     |             980 |          341 |
| No           | No                    | Yes                    |               0 |            0 |
| No           | Yes                   | No                     |             194 |           59 |
| Yes          | No                    | No                     |             138 |           58 |
| Yes          | No                    | Yes                    |               0 |            0 |
| Yes          | Yes                   | No                     |               0 |            0 |
+--------------+-----------------------+------------------------+-----------------+--------------+


4. Detailed Control Set Information
-----------------------------------

+-------------------+-------------------+----------------------------------------------------------------------------------------------------------------------------------------------------------------------------------------------------------------+------------------+----------------+--------------+
|    Clock Signal   |   Enable Signal   |                                                                                                Set/Reset Signal                                                                                                | Slice Load Count | Bel Load Count | Bels / Slice |
+-------------------+-------------------+----------------------------------------------------------------------------------------------------------------------------------------------------------------------------------------------------------------+------------------+----------------+--------------+
|  ap_clk_IBUF_BUFG |                   | dexp_64ns_64ns_64_18_full_dsp_1_U2/softmax1_dexp_64ns_64ns_64_18_full_dsp_1_ip_u/inst/i_synth/EXP_OP.i_sp_or_dp.OP/i_shift_to_fixed/ALIGN_SHIFT/MUX_LOOP[2].DEL_SHIFT/i_pipe/opt_has_pipe.first_q[62]_i_1_n_0  |                1 |              4 |         4.00 |
|  ap_clk_IBUF_BUFG |                   | dexp_64ns_64ns_64_18_full_dsp_1_U2/softmax1_dexp_64ns_64ns_64_18_full_dsp_1_ip_u/inst/i_synth/EXP_OP.i_sp_or_dp.OP/i_shift_to_fixed/ALIGN_SHIFT/MUX_LOOP[2].DEL_SHIFT/i_pipe/opt_has_pipe.first_q[66]_i_1_n_0  |                1 |              4 |         4.00 |
|  ap_clk_IBUF_BUFG |                   | dexp_64ns_64ns_64_18_full_dsp_1_U2/softmax1_dexp_64ns_64ns_64_18_full_dsp_1_ip_u/inst/i_synth/EXP_OP.i_sp_or_dp.OP/i_special_detect/specialcase_delay_balance/i_pipe/opt_has_pipe.i_pipe[14].pipe_reg[14][1]_1 |                4 |             10 |         2.50 |
|  ap_clk_IBUF_BUFG |                   | ap_rst_IBUF                                                                                                                                                                                                    |                8 |             28 |         3.50 |
|  ap_clk_IBUF_BUFG |                   | sitodp_32ns_64_6_no_dsp_1_U1/softmax1_sitodp_32ns_64_6_no_dsp_1_ip_u/inst/i_synth/FIX_TO_FLT_OP.SPD.OP/EXP/ZERO_DELAY/i_pipe/op_state[0]                                                                       |                8 |             31 |         3.88 |
|  ap_clk_IBUF_BUFG | ap_CS_fsm_state25 |                                                                                                                                                                                                                |               20 |             32 |         1.60 |
|  ap_clk_IBUF_BUFG | ap_CS_fsm_state6  |                                                                                                                                                                                                                |                9 |             43 |         4.78 |
|  ap_clk_IBUF_BUFG |                   | dexp_64ns_64ns_64_18_full_dsp_1_U2/softmax1_dexp_64ns_64ns_64_18_full_dsp_1_ip_u/inst/i_synth/EXP_OP.i_sp_or_dp.OP/i_special_detect/specialcase_delay_balance/i_pipe/CHAIN_GEN[1].C_MUX.CARRY_MUX              |               12 |             51 |         4.25 |
|  ap_clk_IBUF_BUFG | ap_CS_fsm_state24 |                                                                                                                                                                                                                |               29 |             63 |         2.17 |
|  ap_clk_IBUF_BUFG |                   | dexp_64ns_64ns_64_18_full_dsp_1_U2/softmax1_dexp_64ns_64ns_64_18_full_dsp_1_ip_u/inst/i_synth/EXP_OP.i_sp_or_dp.OP/i_shift_to_fixed/OP_STATE_P1_REG/i_pipe/first_q[0]                                          |               25 |             66 |         2.64 |
|  ap_clk_IBUF_BUFG |                   |                                                                                                                                                                                                                |              341 |           1177 |         3.45 |
+-------------------+-------------------+----------------------------------------------------------------------------------------------------------------------------------------------------------------------------------------------------------------+------------------+----------------+--------------+


