Copyright 1986-2021 Xilinx, Inc. All Rights Reserved.
---------------------------------------------------------------------------------------------------------------
| Tool Version : Vivado v.2021.2 (win64) Build 3367213 Tue Oct 19 02:48:09 MDT 2021
| Date         : Mon Feb 26 18:44:06 2024
| Host         : DESKTOP-QG17U6G running 64-bit major release  (build 9200)
| Command      : report_drc -file softmax1_drc_opted.rpt -pb softmax1_drc_opted.pb -rpx softmax1_drc_opted.rpx
| Design       : softmax1
| Device       : xc7a200tfbg676-2
| Speed File   : -2
| Design State : Synthesized
---------------------------------------------------------------------------------------------------------------

Report DRC

Table of Contents
-----------------
1. REPORT SUMMARY
2. REPORT DETAILS

1. REPORT SUMMARY
-----------------
            Netlist: netlist
          Floorplan: design_1
      Design limits: <entire design considered>
           Ruledeck: default
             Max violations: <unlimited>
             Violations found: 71
+----------+------------------+-------------------------------------------------------------------+------------+
| Rule     | Severity         | Description                                                       | Violations |
+----------+------------------+-------------------------------------------------------------------+------------+
| NSTD-1   | Critical Warning | Unspecified I/O Standard                                          | 1          |
| UCIO-1   | Critical Warning | Unconstrained Logical Port                                        | 1          |
| CFGBVS-1 | Warning          | Missing CFGBVS and CONFIG_VOLTAGE Design Properties               | 1          |
| DPIP-1   | Warning          | Input pipelining                                                  | 28         |
| DPOP-1   | Warning          | PREG Output pipelining                                            | 15         |
| DPOP-2   | Warning          | MREG Output pipelining                                            | 3          |
| AVAL-4   | Advisory         | enum_USE_DPORT_FALSE_enum_DREG_ADREG_0_connects_CED_CEAD_RSTD_GND | 11         |
| AVAL-5   | Advisory         | enum_USE_MULT_NONE_enum_DREG_ADREG_0_connects_CED_CEAD_RSTD_GND   | 11         |
+----------+------------------+-------------------------------------------------------------------+------------+

2. REPORT DETAILS
-----------------
NSTD-1#1 Critical Warning
Unspecified I/O Standard  
72 out of 72 logical ports use I/O standard (IOSTANDARD) value 'DEFAULT', instead of a user assigned specific value. This may cause I/O contention or incompatibility with the board power or connectivity affecting performance, signal integrity or in extreme cases cause damage to the device or the components to which it is connected. To correct this violation, specify all I/O standards. This design will fail to generate a bitstream unless all logical ports have a user specified I/O standard value defined. To allow bitstream creation with unspecified I/O standard values (not recommended), use this command: set_property SEVERITY {Warning} [get_drc_checks NSTD-1].  NOTE: When using the Vivado Runs infrastructure (e.g. launch_runs Tcl command), add this command to a .tcl file and add that file as a pre-hook for write_bitstream step for the implementation run. Problem ports: ap_clk, ap_done, ap_idle, ap_local_block, ap_local_deadlock, ap_ready,
ap_return[31:0], ap_rst, ap_start, x[31:0].
Related violations: <none>

UCIO-1#1 Critical Warning
Unconstrained Logical Port  
72 out of 72 logical ports have no user assigned specific location constraint (LOC). This may cause I/O contention or incompatibility with the board power or connectivity affecting performance, signal integrity or in extreme cases cause damage to the device or the components to which it is connected. To correct this violation, specify all pin locations. This design will fail to generate a bitstream unless all logical ports have a user specified site LOC constraint defined.  To allow bitstream creation with unspecified pin locations (not recommended), use this command: set_property SEVERITY {Warning} [get_drc_checks UCIO-1].  NOTE: When using the Vivado Runs infrastructure (e.g. launch_runs Tcl command), add this command to a .tcl file and add that file as a pre-hook for write_bitstream step for the implementation run.  Problem ports: ap_clk, ap_done, ap_idle, ap_local_block, ap_local_deadlock, ap_ready,
ap_return[31:0], ap_rst, ap_start, x[31:0].
Related violations: <none>

CFGBVS-1#1 Warning
Missing CFGBVS and CONFIG_VOLTAGE Design Properties  
Neither the CFGBVS nor CONFIG_VOLTAGE voltage property is set in the current_design.  Configuration bank voltage select (CFGBVS) must be set to VCCO or GND, and CONFIG_VOLTAGE must be set to the correct configuration voltage, in order to determine the I/O voltage support for the pins in bank 0.  It is suggested to specify these either using the 'Edit Device Properties' function in the GUI or directly in the XDC file using the following syntax:

 set_property CFGBVS value1 [current_design]
 #where value1 is either VCCO or GND

 set_property CONFIG_VOLTAGE value2 [current_design]
 #where value2 is the voltage provided to configuration bank 0

Refer to the device configuration user guide for more information.
Related violations: <none>

DPIP-1#1 Warning
Input pipelining  
DSP dexp_64ns_64ns_64_18_full_dsp_1_U2/softmax1_dexp_64ns_64ns_64_18_full_dsp_1_ip_u/inst/i_synth/EXP_OP.i_sp_or_dp.OP/g_Fr_other.i_calculate_Fr/dsp_extra_fabric_adder.mult_with_add_low/use_prim.appDSP48[0].bppDSP48[0].use_dsp.use_dsp48e1.iDSP48E1 input dexp_64ns_64ns_64_18_full_dsp_1_U2/softmax1_dexp_64ns_64ns_64_18_full_dsp_1_ip_u/inst/i_synth/EXP_OP.i_sp_or_dp.OP/g_Fr_other.i_calculate_Fr/dsp_extra_fabric_adder.mult_with_add_low/use_prim.appDSP48[0].bppDSP48[0].use_dsp.use_dsp48e1.iDSP48E1/A[29:0] is not pipelined. Pipelining DSP48 input will improve performance.
Related violations: <none>

DPIP-1#2 Warning
Input pipelining  
DSP dexp_64ns_64ns_64_18_full_dsp_1_U2/softmax1_dexp_64ns_64ns_64_18_full_dsp_1_ip_u/inst/i_synth/EXP_OP.i_sp_or_dp.OP/g_Fr_other.i_calculate_Fr/dsp_extra_fabric_adder.mult_with_add_low/use_prim.appDSP48[0].bppDSP48[0].use_dsp.use_dsp48e1.iDSP48E1 input dexp_64ns_64ns_64_18_full_dsp_1_U2/softmax1_dexp_64ns_64ns_64_18_full_dsp_1_ip_u/inst/i_synth/EXP_OP.i_sp_or_dp.OP/g_Fr_other.i_calculate_Fr/dsp_extra_fabric_adder.mult_with_add_low/use_prim.appDSP48[0].bppDSP48[0].use_dsp.use_dsp48e1.iDSP48E1/B[17:0] is not pipelined. Pipelining DSP48 input will improve performance.
Related violations: <none>

DPIP-1#3 Warning
Input pipelining  
DSP dexp_64ns_64ns_64_18_full_dsp_1_U2/softmax1_dexp_64ns_64ns_64_18_full_dsp_1_ip_u/inst/i_synth/EXP_OP.i_sp_or_dp.OP/g_Fr_other.i_calculate_Fr/dsp_extra_fabric_adder.mult_with_add_low/use_prim.appDSP48[0].bppDSP48[1].use_dsp.use_dsp48e1.iDSP48E1 input dexp_64ns_64ns_64_18_full_dsp_1_U2/softmax1_dexp_64ns_64ns_64_18_full_dsp_1_ip_u/inst/i_synth/EXP_OP.i_sp_or_dp.OP/g_Fr_other.i_calculate_Fr/dsp_extra_fabric_adder.mult_with_add_low/use_prim.appDSP48[0].bppDSP48[1].use_dsp.use_dsp48e1.iDSP48E1/B[17:0] is not pipelined. Pipelining DSP48 input will improve performance.
Related violations: <none>

DPIP-1#4 Warning
Input pipelining  
DSP dexp_64ns_64ns_64_18_full_dsp_1_U2/softmax1_dexp_64ns_64ns_64_18_full_dsp_1_ip_u/inst/i_synth/EXP_OP.i_sp_or_dp.OP/i_calculate_Xf/dsp.two.dsp48e1_add_hi/i_no_versal_es1_workaround.DSP input dexp_64ns_64ns_64_18_full_dsp_1_U2/softmax1_dexp_64ns_64ns_64_18_full_dsp_1_ip_u/inst/i_synth/EXP_OP.i_sp_or_dp.OP/i_calculate_Xf/dsp.two.dsp48e1_add_hi/i_no_versal_es1_workaround.DSP/B[17:0] is not pipelined. Pipelining DSP48 input will improve performance.
Related violations: <none>

DPIP-1#5 Warning
Input pipelining  
DSP dexp_64ns_64ns_64_18_full_dsp_1_U2/softmax1_dexp_64ns_64ns_64_18_full_dsp_1_ip_u/inst/i_synth/EXP_OP.i_sp_or_dp.OP/i_calculate_Xf/dsp.two.dsp48e1_add_hi/i_no_versal_es1_workaround.DSP input dexp_64ns_64ns_64_18_full_dsp_1_U2/softmax1_dexp_64ns_64ns_64_18_full_dsp_1_ip_u/inst/i_synth/EXP_OP.i_sp_or_dp.OP/i_calculate_Xf/dsp.two.dsp48e1_add_hi/i_no_versal_es1_workaround.DSP/C[47:0] is not pipelined. Pipelining DSP48 input will improve performance.
Related violations: <none>

DPIP-1#6 Warning
Input pipelining  
DSP dexp_64ns_64ns_64_18_full_dsp_1_U2/softmax1_dexp_64ns_64ns_64_18_full_dsp_1_ip_u/inst/i_synth/EXP_OP.i_sp_or_dp.OP/i_calculate_Xf/dsp.two.dsp48e1_add_lo/i_no_versal_es1_workaround.DSP input dexp_64ns_64ns_64_18_full_dsp_1_U2/softmax1_dexp_64ns_64ns_64_18_full_dsp_1_ip_u/inst/i_synth/EXP_OP.i_sp_or_dp.OP/i_calculate_Xf/dsp.two.dsp48e1_add_lo/i_no_versal_es1_workaround.DSP/A[29:0] is not pipelined. Pipelining DSP48 input will improve performance.
Related violations: <none>

DPIP-1#7 Warning
Input pipelining  
DSP dexp_64ns_64ns_64_18_full_dsp_1_U2/softmax1_dexp_64ns_64ns_64_18_full_dsp_1_ip_u/inst/i_synth/EXP_OP.i_sp_or_dp.OP/i_calculate_Xf/dsp.two.dsp48e1_add_lo/i_no_versal_es1_workaround.DSP input dexp_64ns_64ns_64_18_full_dsp_1_U2/softmax1_dexp_64ns_64ns_64_18_full_dsp_1_ip_u/inst/i_synth/EXP_OP.i_sp_or_dp.OP/i_calculate_Xf/dsp.two.dsp48e1_add_lo/i_no_versal_es1_workaround.DSP/B[17:0] is not pipelined. Pipelining DSP48 input will improve performance.
Related violations: <none>

DPIP-1#8 Warning
Input pipelining  
DSP dexp_64ns_64ns_64_18_full_dsp_1_U2/softmax1_dexp_64ns_64ns_64_18_full_dsp_1_ip_u/inst/i_synth/EXP_OP.i_sp_or_dp.OP/i_calculate_Xf/dsp.two.dsp48e1_add_lo/i_no_versal_es1_workaround.DSP input dexp_64ns_64ns_64_18_full_dsp_1_U2/softmax1_dexp_64ns_64ns_64_18_full_dsp_1_ip_u/inst/i_synth/EXP_OP.i_sp_or_dp.OP/i_calculate_Xf/dsp.two.dsp48e1_add_lo/i_no_versal_es1_workaround.DSP/C[47:0] is not pipelined. Pipelining DSP48 input will improve performance.
Related violations: <none>

DPIP-1#9 Warning
Input pipelining  
DSP dexp_64ns_64ns_64_18_full_dsp_1_U2/softmax1_dexp_64ns_64ns_64_18_full_dsp_1_ip_u/inst/i_synth/EXP_OP.i_sp_or_dp.OP/i_calculate_e2zmzm1/g_dp.i_polyomial/g_struct.multadd_1.madd/dsp_extra_fabric_adder.mult_with_add_low/use_prim.appDSP48[0].bppDSP48[0].use_dsp.use_dsp48e1.iDSP48E1 input dexp_64ns_64ns_64_18_full_dsp_1_U2/softmax1_dexp_64ns_64ns_64_18_full_dsp_1_ip_u/inst/i_synth/EXP_OP.i_sp_or_dp.OP/i_calculate_e2zmzm1/g_dp.i_polyomial/g_struct.multadd_1.madd/dsp_extra_fabric_adder.mult_with_add_low/use_prim.appDSP48[0].bppDSP48[0].use_dsp.use_dsp48e1.iDSP48E1/A[29:0] is not pipelined. Pipelining DSP48 input will improve performance.
Related violations: <none>

DPIP-1#10 Warning
Input pipelining  
DSP dexp_64ns_64ns_64_18_full_dsp_1_U2/softmax1_dexp_64ns_64ns_64_18_full_dsp_1_ip_u/inst/i_synth/EXP_OP.i_sp_or_dp.OP/i_calculate_e2zmzm1/g_dp.i_polyomial/g_struct.multadd_1.madd/dsp_extra_fabric_adder.mult_with_add_low/use_prim.appDSP48[0].bppDSP48[0].use_dsp.use_dsp48e1.iDSP48E1 input dexp_64ns_64ns_64_18_full_dsp_1_U2/softmax1_dexp_64ns_64ns_64_18_full_dsp_1_ip_u/inst/i_synth/EXP_OP.i_sp_or_dp.OP/i_calculate_e2zmzm1/g_dp.i_polyomial/g_struct.multadd_1.madd/dsp_extra_fabric_adder.mult_with_add_low/use_prim.appDSP48[0].bppDSP48[0].use_dsp.use_dsp48e1.iDSP48E1/B[17:0] is not pipelined. Pipelining DSP48 input will improve performance.
Related violations: <none>

DPIP-1#11 Warning
Input pipelining  
DSP dexp_64ns_64ns_64_18_full_dsp_1_U2/softmax1_dexp_64ns_64ns_64_18_full_dsp_1_ip_u/inst/i_synth/EXP_OP.i_sp_or_dp.OP/i_calculate_e2zmzm1/g_dp.i_polyomial/g_struct.multadd_1.madd/dsp_extra_fabric_adder.mult_with_add_low/use_prim.appDSP48[0].bppDSP48[0].use_dsp.use_dsp48e1.iDSP48E1 input dexp_64ns_64ns_64_18_full_dsp_1_U2/softmax1_dexp_64ns_64ns_64_18_full_dsp_1_ip_u/inst/i_synth/EXP_OP.i_sp_or_dp.OP/i_calculate_e2zmzm1/g_dp.i_polyomial/g_struct.multadd_1.madd/dsp_extra_fabric_adder.mult_with_add_low/use_prim.appDSP48[0].bppDSP48[0].use_dsp.use_dsp48e1.iDSP48E1/C[47:0] is not pipelined. Pipelining DSP48 input will improve performance.
Related violations: <none>

DPIP-1#12 Warning
Input pipelining  
DSP dexp_64ns_64ns_64_18_full_dsp_1_U2/softmax1_dexp_64ns_64ns_64_18_full_dsp_1_ip_u/inst/i_synth/EXP_OP.i_sp_or_dp.OP/i_calculate_e2zmzm1/g_dp.i_polyomial/g_struct.multadd_1.madd/dsp_extra_fabric_adder.mult_with_add_low/use_prim.appDSP48[0].bppDSP48[1].use_dsp.use_dsp48e1.iDSP48E1 input dexp_64ns_64ns_64_18_full_dsp_1_U2/softmax1_dexp_64ns_64ns_64_18_full_dsp_1_ip_u/inst/i_synth/EXP_OP.i_sp_or_dp.OP/i_calculate_e2zmzm1/g_dp.i_polyomial/g_struct.multadd_1.madd/dsp_extra_fabric_adder.mult_with_add_low/use_prim.appDSP48[0].bppDSP48[1].use_dsp.use_dsp48e1.iDSP48E1/B[17:0] is not pipelined. Pipelining DSP48 input will improve performance.
Related violations: <none>

DPIP-1#13 Warning
Input pipelining  
DSP dexp_64ns_64ns_64_18_full_dsp_1_U2/softmax1_dexp_64ns_64ns_64_18_full_dsp_1_ip_u/inst/i_synth/EXP_OP.i_sp_or_dp.OP/i_calculate_e2zmzm1/g_dp.i_polyomial/g_struct.multadd_2.madd/dsp_extra_fabric_adder.mult_with_add_low/use_prim.appDSP48[0].bppDSP48[0].use_dsp.use_dsp48e1.iDSP48E1 input dexp_64ns_64ns_64_18_full_dsp_1_U2/softmax1_dexp_64ns_64ns_64_18_full_dsp_1_ip_u/inst/i_synth/EXP_OP.i_sp_or_dp.OP/i_calculate_e2zmzm1/g_dp.i_polyomial/g_struct.multadd_2.madd/dsp_extra_fabric_adder.mult_with_add_low/use_prim.appDSP48[0].bppDSP48[0].use_dsp.use_dsp48e1.iDSP48E1/C[47:0] is not pipelined. Pipelining DSP48 input will improve performance.
Related violations: <none>

DPIP-1#14 Warning
Input pipelining  
DSP dexp_64ns_64ns_64_18_full_dsp_1_U2/softmax1_dexp_64ns_64ns_64_18_full_dsp_1_ip_u/inst/i_synth/EXP_OP.i_sp_or_dp.OP/i_ccm_ln2/g_tables[0].i_addsub/dsp.two.dsp48e1_add_hi/i_no_versal_es1_workaround.DSP input dexp_64ns_64ns_64_18_full_dsp_1_U2/softmax1_dexp_64ns_64ns_64_18_full_dsp_1_ip_u/inst/i_synth/EXP_OP.i_sp_or_dp.OP/i_ccm_ln2/g_tables[0].i_addsub/dsp.two.dsp48e1_add_hi/i_no_versal_es1_workaround.DSP/B[17:0] is not pipelined. Pipelining DSP48 input will improve performance.
Related violations: <none>

DPIP-1#15 Warning
Input pipelining  
DSP dexp_64ns_64ns_64_18_full_dsp_1_U2/softmax1_dexp_64ns_64ns_64_18_full_dsp_1_ip_u/inst/i_synth/EXP_OP.i_sp_or_dp.OP/i_ccm_ln2/g_tables[0].i_addsub/dsp.two.dsp48e1_add_lo/i_no_versal_es1_workaround.DSP input dexp_64ns_64ns_64_18_full_dsp_1_U2/softmax1_dexp_64ns_64ns_64_18_full_dsp_1_ip_u/inst/i_synth/EXP_OP.i_sp_or_dp.OP/i_ccm_ln2/g_tables[0].i_addsub/dsp.two.dsp48e1_add_lo/i_no_versal_es1_workaround.DSP/A[29:0] is not pipelined. Pipelining DSP48 input will improve performance.
Related violations: <none>

DPIP-1#16 Warning
Input pipelining  
DSP dexp_64ns_64ns_64_18_full_dsp_1_U2/softmax1_dexp_64ns_64ns_64_18_full_dsp_1_ip_u/inst/i_synth/EXP_OP.i_sp_or_dp.OP/i_ccm_ln2/g_tables[0].i_addsub/dsp.two.dsp48e1_add_lo/i_no_versal_es1_workaround.DSP input dexp_64ns_64ns_64_18_full_dsp_1_U2/softmax1_dexp_64ns_64ns_64_18_full_dsp_1_ip_u/inst/i_synth/EXP_OP.i_sp_or_dp.OP/i_ccm_ln2/g_tables[0].i_addsub/dsp.two.dsp48e1_add_lo/i_no_versal_es1_workaround.DSP/B[17:0] is not pipelined. Pipelining DSP48 input will improve performance.
Related violations: <none>

DPIP-1#17 Warning
Input pipelining  
DSP dexp_64ns_64ns_64_18_full_dsp_1_U2/softmax1_dexp_64ns_64ns_64_18_full_dsp_1_ip_u/inst/i_synth/EXP_OP.i_sp_or_dp.OP/i_ccm_ln2/g_tables[1].i_addsub/dsp.two.dsp48e1_add_hi/i_no_versal_es1_workaround.DSP input dexp_64ns_64ns_64_18_full_dsp_1_U2/softmax1_dexp_64ns_64ns_64_18_full_dsp_1_ip_u/inst/i_synth/EXP_OP.i_sp_or_dp.OP/i_ccm_ln2/g_tables[1].i_addsub/dsp.two.dsp48e1_add_hi/i_no_versal_es1_workaround.DSP/A[29:0] is not pipelined. Pipelining DSP48 input will improve performance.
Related violations: <none>

DPIP-1#18 Warning
Input pipelining  
DSP dexp_64ns_64ns_64_18_full_dsp_1_U2/softmax1_dexp_64ns_64ns_64_18_full_dsp_1_ip_u/inst/i_synth/EXP_OP.i_sp_or_dp.OP/i_ccm_ln2/g_tables[1].i_addsub/dsp.two.dsp48e1_add_hi/i_no_versal_es1_workaround.DSP input dexp_64ns_64ns_64_18_full_dsp_1_U2/softmax1_dexp_64ns_64ns_64_18_full_dsp_1_ip_u/inst/i_synth/EXP_OP.i_sp_or_dp.OP/i_ccm_ln2/g_tables[1].i_addsub/dsp.two.dsp48e1_add_hi/i_no_versal_es1_workaround.DSP/B[17:0] is not pipelined. Pipelining DSP48 input will improve performance.
Related violations: <none>

DPIP-1#19 Warning
Input pipelining  
DSP dexp_64ns_64ns_64_18_full_dsp_1_U2/softmax1_dexp_64ns_64ns_64_18_full_dsp_1_ip_u/inst/i_synth/EXP_OP.i_sp_or_dp.OP/i_ccm_ln2/g_tables[1].i_addsub/dsp.two.dsp48e1_add_hi/i_no_versal_es1_workaround.DSP input dexp_64ns_64ns_64_18_full_dsp_1_U2/softmax1_dexp_64ns_64ns_64_18_full_dsp_1_ip_u/inst/i_synth/EXP_OP.i_sp_or_dp.OP/i_ccm_ln2/g_tables[1].i_addsub/dsp.two.dsp48e1_add_hi/i_no_versal_es1_workaround.DSP/C[47:0] is not pipelined. Pipelining DSP48 input will improve performance.
Related violations: <none>

DPIP-1#20 Warning
Input pipelining  
DSP dexp_64ns_64ns_64_18_full_dsp_1_U2/softmax1_dexp_64ns_64ns_64_18_full_dsp_1_ip_u/inst/i_synth/EXP_OP.i_sp_or_dp.OP/i_ccm_ln2/g_tables[1].i_addsub/dsp.two.dsp48e1_add_lo/i_no_versal_es1_workaround.DSP input dexp_64ns_64ns_64_18_full_dsp_1_U2/softmax1_dexp_64ns_64ns_64_18_full_dsp_1_ip_u/inst/i_synth/EXP_OP.i_sp_or_dp.OP/i_ccm_ln2/g_tables[1].i_addsub/dsp.two.dsp48e1_add_lo/i_no_versal_es1_workaround.DSP/A[29:0] is not pipelined. Pipelining DSP48 input will improve performance.
Related violations: <none>

DPIP-1#21 Warning
Input pipelining  
DSP dexp_64ns_64ns_64_18_full_dsp_1_U2/softmax1_dexp_64ns_64ns_64_18_full_dsp_1_ip_u/inst/i_synth/EXP_OP.i_sp_or_dp.OP/i_ccm_ln2/g_tables[1].i_addsub/dsp.two.dsp48e1_add_lo/i_no_versal_es1_workaround.DSP input dexp_64ns_64ns_64_18_full_dsp_1_U2/softmax1_dexp_64ns_64ns_64_18_full_dsp_1_ip_u/inst/i_synth/EXP_OP.i_sp_or_dp.OP/i_ccm_ln2/g_tables[1].i_addsub/dsp.two.dsp48e1_add_lo/i_no_versal_es1_workaround.DSP/B[17:0] is not pipelined. Pipelining DSP48 input will improve performance.
Related violations: <none>

DPIP-1#22 Warning
Input pipelining  
DSP dexp_64ns_64ns_64_18_full_dsp_1_U2/softmax1_dexp_64ns_64ns_64_18_full_dsp_1_ip_u/inst/i_synth/EXP_OP.i_sp_or_dp.OP/i_ccm_ln2/g_tables[1].i_addsub/dsp.two.dsp48e1_add_lo/i_no_versal_es1_workaround.DSP input dexp_64ns_64ns_64_18_full_dsp_1_U2/softmax1_dexp_64ns_64ns_64_18_full_dsp_1_ip_u/inst/i_synth/EXP_OP.i_sp_or_dp.OP/i_ccm_ln2/g_tables[1].i_addsub/dsp.two.dsp48e1_add_lo/i_no_versal_es1_workaround.DSP/C[47:0] is not pipelined. Pipelining DSP48 input will improve performance.
Related violations: <none>

DPIP-1#23 Warning
Input pipelining  
DSP dexp_64ns_64ns_64_18_full_dsp_1_U2/softmax1_dexp_64ns_64ns_64_18_full_dsp_1_ip_u/inst/i_synth/EXP_OP.i_sp_or_dp.OP/i_ccm_recip_ln2/g_tables[0].i_addsub/dsp.one.dsp48e1_add/i_no_versal_es1_workaround.DSP input dexp_64ns_64ns_64_18_full_dsp_1_U2/softmax1_dexp_64ns_64ns_64_18_full_dsp_1_ip_u/inst/i_synth/EXP_OP.i_sp_or_dp.OP/i_ccm_recip_ln2/g_tables[0].i_addsub/dsp.one.dsp48e1_add/i_no_versal_es1_workaround.DSP/B[17:0] is not pipelined. Pipelining DSP48 input will improve performance.
Related violations: <none>

DPIP-1#24 Warning
Input pipelining  
DSP dexp_64ns_64ns_64_18_full_dsp_1_U2/softmax1_dexp_64ns_64ns_64_18_full_dsp_1_ip_u/inst/i_synth/EXP_OP.i_sp_or_dp.OP/i_ccm_recip_ln2/g_tables[2].i_addsub/dsp.one.dsp48e1_add/i_no_versal_es1_workaround.DSP input dexp_64ns_64ns_64_18_full_dsp_1_U2/softmax1_dexp_64ns_64ns_64_18_full_dsp_1_ip_u/inst/i_synth/EXP_OP.i_sp_or_dp.OP/i_ccm_recip_ln2/g_tables[2].i_addsub/dsp.one.dsp48e1_add/i_no_versal_es1_workaround.DSP/A[29:0] is not pipelined. Pipelining DSP48 input will improve performance.
Related violations: <none>

DPIP-1#25 Warning
Input pipelining  
DSP dexp_64ns_64ns_64_18_full_dsp_1_U2/softmax1_dexp_64ns_64ns_64_18_full_dsp_1_ip_u/inst/i_synth/EXP_OP.i_sp_or_dp.OP/i_ccm_recip_ln2/g_tables[2].i_addsub/dsp.one.dsp48e1_add/i_no_versal_es1_workaround.DSP input dexp_64ns_64ns_64_18_full_dsp_1_U2/softmax1_dexp_64ns_64ns_64_18_full_dsp_1_ip_u/inst/i_synth/EXP_OP.i_sp_or_dp.OP/i_ccm_recip_ln2/g_tables[2].i_addsub/dsp.one.dsp48e1_add/i_no_versal_es1_workaround.DSP/B[17:0] is not pipelined. Pipelining DSP48 input will improve performance.
Related violations: <none>

DPIP-1#26 Warning
Input pipelining  
DSP dexp_64ns_64ns_64_18_full_dsp_1_U2/softmax1_dexp_64ns_64ns_64_18_full_dsp_1_ip_u/inst/i_synth/EXP_OP.i_sp_or_dp.OP/i_ccm_recip_ln2/g_tables[2].i_addsub/dsp.one.dsp48e1_add/i_no_versal_es1_workaround.DSP input dexp_64ns_64ns_64_18_full_dsp_1_U2/softmax1_dexp_64ns_64ns_64_18_full_dsp_1_ip_u/inst/i_synth/EXP_OP.i_sp_or_dp.OP/i_ccm_recip_ln2/g_tables[2].i_addsub/dsp.one.dsp48e1_add/i_no_versal_es1_workaround.DSP/C[47:0] is not pipelined. Pipelining DSP48 input will improve performance.
Related violations: <none>

DPIP-1#27 Warning
Input pipelining  
DSP dexp_64ns_64ns_64_18_full_dsp_1_U2/softmax1_dexp_64ns_64ns_64_18_full_dsp_1_ip_u/inst/i_synth/EXP_OP.i_sp_or_dp.OP/i_renorm_and_round/DSP48_E1.DSP48E1_ADD.DSP48E1_ADD/i_no_versal_es1_workaround.DSP input dexp_64ns_64ns_64_18_full_dsp_1_U2/softmax1_dexp_64ns_64ns_64_18_full_dsp_1_ip_u/inst/i_synth/EXP_OP.i_sp_or_dp.OP/i_renorm_and_round/DSP48_E1.DSP48E1_ADD.DSP48E1_ADD/i_no_versal_es1_workaround.DSP/B[17:0] is not pipelined. Pipelining DSP48 input will improve performance.
Related violations: <none>

DPIP-1#28 Warning
Input pipelining  
DSP dexp_64ns_64ns_64_18_full_dsp_1_U2/softmax1_dexp_64ns_64ns_64_18_full_dsp_1_ip_u/inst/i_synth/EXP_OP.i_sp_or_dp.OP/i_renorm_and_round/DSP48_E1.DSP48E1_ADD.DSP48E1_ADD/i_no_versal_es1_workaround.DSP input dexp_64ns_64ns_64_18_full_dsp_1_U2/softmax1_dexp_64ns_64ns_64_18_full_dsp_1_ip_u/inst/i_synth/EXP_OP.i_sp_or_dp.OP/i_renorm_and_round/DSP48_E1.DSP48E1_ADD.DSP48E1_ADD/i_no_versal_es1_workaround.DSP/C[47:0] is not pipelined. Pipelining DSP48 input will improve performance.
Related violations: <none>

DPOP-1#1 Warning
PREG Output pipelining  
DSP dexp_64ns_64ns_64_18_full_dsp_1_U2/softmax1_dexp_64ns_64ns_64_18_full_dsp_1_ip_u/inst/i_synth/EXP_OP.i_sp_or_dp.OP/g_Fr_other.i_calculate_Fr/dsp_extra_fabric_adder.mult_with_add_low/use_prim.appDSP48[0].bppDSP48[2].use_dsp.use_dsp48e1.iDSP48E1 output dexp_64ns_64ns_64_18_full_dsp_1_U2/softmax1_dexp_64ns_64ns_64_18_full_dsp_1_ip_u/inst/i_synth/EXP_OP.i_sp_or_dp.OP/g_Fr_other.i_calculate_Fr/dsp_extra_fabric_adder.mult_with_add_low/use_prim.appDSP48[0].bppDSP48[2].use_dsp.use_dsp48e1.iDSP48E1/P[47:0] is not pipelined (PREG=0). Pipelining the DSP48 output will improve performance and often saves power so it is suggested whenever possible to fully pipeline this function.  If this DSP48 function was inferred, it is suggested to describe an additional register stage after this function.  If the DSP48 was instantiated in the design, it is suggested to set the PREG attribute to 1.
Related violations: <none>

DPOP-1#2 Warning
PREG Output pipelining  
DSP dexp_64ns_64ns_64_18_full_dsp_1_U2/softmax1_dexp_64ns_64ns_64_18_full_dsp_1_ip_u/inst/i_synth/EXP_OP.i_sp_or_dp.OP/g_Fr_other.i_calculate_Fr/dsp_extra_fabric_adder.mult_with_add_low/use_prim.appDSP48[2].bppDSP48[2].use_dsp.use_dsp48e1.iDSP48E1 output dexp_64ns_64ns_64_18_full_dsp_1_U2/softmax1_dexp_64ns_64ns_64_18_full_dsp_1_ip_u/inst/i_synth/EXP_OP.i_sp_or_dp.OP/g_Fr_other.i_calculate_Fr/dsp_extra_fabric_adder.mult_with_add_low/use_prim.appDSP48[2].bppDSP48[2].use_dsp.use_dsp48e1.iDSP48E1/P[47:0] is not pipelined (PREG=0). Pipelining the DSP48 output will improve performance and often saves power so it is suggested whenever possible to fully pipeline this function.  If this DSP48 function was inferred, it is suggested to describe an additional register stage after this function.  If the DSP48 was instantiated in the design, it is suggested to set the PREG attribute to 1.
Related violations: <none>

DPOP-1#3 Warning
PREG Output pipelining  
DSP dexp_64ns_64ns_64_18_full_dsp_1_U2/softmax1_dexp_64ns_64ns_64_18_full_dsp_1_ip_u/inst/i_synth/EXP_OP.i_sp_or_dp.OP/g_Fr_other.i_calculate_e2zm1/dsp.one.dsp48e1_add/i_no_versal_es1_workaround.DSP output dexp_64ns_64ns_64_18_full_dsp_1_U2/softmax1_dexp_64ns_64ns_64_18_full_dsp_1_ip_u/inst/i_synth/EXP_OP.i_sp_or_dp.OP/g_Fr_other.i_calculate_e2zm1/dsp.one.dsp48e1_add/i_no_versal_es1_workaround.DSP/P[47:0] is not pipelined (PREG=0). Pipelining the DSP48 output will improve performance and often saves power so it is suggested whenever possible to fully pipeline this function.  If this DSP48 function was inferred, it is suggested to describe an additional register stage after this function.  If the DSP48 was instantiated in the design, it is suggested to set the PREG attribute to 1.
Related violations: <none>

DPOP-1#4 Warning
PREG Output pipelining  
DSP dexp_64ns_64ns_64_18_full_dsp_1_U2/softmax1_dexp_64ns_64ns_64_18_full_dsp_1_ip_u/inst/i_synth/EXP_OP.i_sp_or_dp.OP/i_calculate_Xf/dsp.two.dsp48e1_add_hi/i_no_versal_es1_workaround.DSP output dexp_64ns_64ns_64_18_full_dsp_1_U2/softmax1_dexp_64ns_64ns_64_18_full_dsp_1_ip_u/inst/i_synth/EXP_OP.i_sp_or_dp.OP/i_calculate_Xf/dsp.two.dsp48e1_add_hi/i_no_versal_es1_workaround.DSP/P[47:0] is not pipelined (PREG=0). Pipelining the DSP48 output will improve performance and often saves power so it is suggested whenever possible to fully pipeline this function.  If this DSP48 function was inferred, it is suggested to describe an additional register stage after this function.  If the DSP48 was instantiated in the design, it is suggested to set the PREG attribute to 1.
Related violations: <none>

DPOP-1#5 Warning
PREG Output pipelining  
DSP dexp_64ns_64ns_64_18_full_dsp_1_U2/softmax1_dexp_64ns_64ns_64_18_full_dsp_1_ip_u/inst/i_synth/EXP_OP.i_sp_or_dp.OP/i_calculate_Xf/dsp.two.dsp48e1_add_lo/i_no_versal_es1_workaround.DSP output dexp_64ns_64ns_64_18_full_dsp_1_U2/softmax1_dexp_64ns_64ns_64_18_full_dsp_1_ip_u/inst/i_synth/EXP_OP.i_sp_or_dp.OP/i_calculate_Xf/dsp.two.dsp48e1_add_lo/i_no_versal_es1_workaround.DSP/CARRYCASCOUT is not pipelined (PREG=0). Pipelining the DSP48 output will improve performance and often saves power so it is suggested whenever possible to fully pipeline this function.  If this DSP48 function was inferred, it is suggested to describe an additional register stage after this function.  If the DSP48 was instantiated in the design, it is suggested to set the PREG attribute to 1.
Related violations: <none>

DPOP-1#6 Warning
PREG Output pipelining  
DSP dexp_64ns_64ns_64_18_full_dsp_1_U2/softmax1_dexp_64ns_64ns_64_18_full_dsp_1_ip_u/inst/i_synth/EXP_OP.i_sp_or_dp.OP/i_calculate_Xf/dsp.two.dsp48e1_add_lo/i_no_versal_es1_workaround.DSP output dexp_64ns_64ns_64_18_full_dsp_1_U2/softmax1_dexp_64ns_64ns_64_18_full_dsp_1_ip_u/inst/i_synth/EXP_OP.i_sp_or_dp.OP/i_calculate_Xf/dsp.two.dsp48e1_add_lo/i_no_versal_es1_workaround.DSP/P[47:0] is not pipelined (PREG=0). Pipelining the DSP48 output will improve performance and often saves power so it is suggested whenever possible to fully pipeline this function.  If this DSP48 function was inferred, it is suggested to describe an additional register stage after this function.  If the DSP48 was instantiated in the design, it is suggested to set the PREG attribute to 1.
Related violations: <none>

DPOP-1#7 Warning
PREG Output pipelining  
DSP dexp_64ns_64ns_64_18_full_dsp_1_U2/softmax1_dexp_64ns_64ns_64_18_full_dsp_1_ip_u/inst/i_synth/EXP_OP.i_sp_or_dp.OP/i_calculate_e2zmzm1/g_dp.i_polyomial/g_struct.multadd_1.madd/dsp_extra_fabric_adder.mult_with_add_low/use_prim.appDSP48[0].bppDSP48[1].use_dsp.use_dsp48e1.iDSP48E1 output dexp_64ns_64ns_64_18_full_dsp_1_U2/softmax1_dexp_64ns_64ns_64_18_full_dsp_1_ip_u/inst/i_synth/EXP_OP.i_sp_or_dp.OP/i_calculate_e2zmzm1/g_dp.i_polyomial/g_struct.multadd_1.madd/dsp_extra_fabric_adder.mult_with_add_low/use_prim.appDSP48[0].bppDSP48[1].use_dsp.use_dsp48e1.iDSP48E1/P[47:0] is not pipelined (PREG=0). Pipelining the DSP48 output will improve performance and often saves power so it is suggested whenever possible to fully pipeline this function.  If this DSP48 function was inferred, it is suggested to describe an additional register stage after this function.  If the DSP48 was instantiated in the design, it is suggested to set the PREG attribute to 1.
Related violations: <none>

DPOP-1#8 Warning
PREG Output pipelining  
DSP dexp_64ns_64ns_64_18_full_dsp_1_U2/softmax1_dexp_64ns_64ns_64_18_full_dsp_1_ip_u/inst/i_synth/EXP_OP.i_sp_or_dp.OP/i_calculate_e2zmzm1/g_dp.i_polyomial/g_struct.multadd_2.madd/dsp_extra_fabric_adder.mult_with_add_low/use_prim.appDSP48[1].bppDSP48[1].use_dsp.use_dsp48e1.iDSP48E1 output dexp_64ns_64ns_64_18_full_dsp_1_U2/softmax1_dexp_64ns_64ns_64_18_full_dsp_1_ip_u/inst/i_synth/EXP_OP.i_sp_or_dp.OP/i_calculate_e2zmzm1/g_dp.i_polyomial/g_struct.multadd_2.madd/dsp_extra_fabric_adder.mult_with_add_low/use_prim.appDSP48[1].bppDSP48[1].use_dsp.use_dsp48e1.iDSP48E1/P[47:0] is not pipelined (PREG=0). Pipelining the DSP48 output will improve performance and often saves power so it is suggested whenever possible to fully pipeline this function.  If this DSP48 function was inferred, it is suggested to describe an additional register stage after this function.  If the DSP48 was instantiated in the design, it is suggested to set the PREG attribute to 1.
Related violations: <none>

DPOP-1#9 Warning
PREG Output pipelining  
DSP dexp_64ns_64ns_64_18_full_dsp_1_U2/softmax1_dexp_64ns_64ns_64_18_full_dsp_1_ip_u/inst/i_synth/EXP_OP.i_sp_or_dp.OP/i_ccm_ln2/g_tables[0].i_addsub/dsp.two.dsp48e1_add_lo/i_no_versal_es1_workaround.DSP output dexp_64ns_64ns_64_18_full_dsp_1_U2/softmax1_dexp_64ns_64ns_64_18_full_dsp_1_ip_u/inst/i_synth/EXP_OP.i_sp_or_dp.OP/i_ccm_ln2/g_tables[0].i_addsub/dsp.two.dsp48e1_add_lo/i_no_versal_es1_workaround.DSP/CARRYCASCOUT is not pipelined (PREG=0). Pipelining the DSP48 output will improve performance and often saves power so it is suggested whenever possible to fully pipeline this function.  If this DSP48 function was inferred, it is suggested to describe an additional register stage after this function.  If the DSP48 was instantiated in the design, it is suggested to set the PREG attribute to 1.
Related violations: <none>

DPOP-1#10 Warning
PREG Output pipelining  
DSP dexp_64ns_64ns_64_18_full_dsp_1_U2/softmax1_dexp_64ns_64ns_64_18_full_dsp_1_ip_u/inst/i_synth/EXP_OP.i_sp_or_dp.OP/i_ccm_ln2/g_tables[0].i_addsub/dsp.two.dsp48e1_add_lo/i_no_versal_es1_workaround.DSP output dexp_64ns_64ns_64_18_full_dsp_1_U2/softmax1_dexp_64ns_64ns_64_18_full_dsp_1_ip_u/inst/i_synth/EXP_OP.i_sp_or_dp.OP/i_ccm_ln2/g_tables[0].i_addsub/dsp.two.dsp48e1_add_lo/i_no_versal_es1_workaround.DSP/P[47:0] is not pipelined (PREG=0). Pipelining the DSP48 output will improve performance and often saves power so it is suggested whenever possible to fully pipeline this function.  If this DSP48 function was inferred, it is suggested to describe an additional register stage after this function.  If the DSP48 was instantiated in the design, it is suggested to set the PREG attribute to 1.
Related violations: <none>

DPOP-1#11 Warning
PREG Output pipelining  
DSP dexp_64ns_64ns_64_18_full_dsp_1_U2/softmax1_dexp_64ns_64ns_64_18_full_dsp_1_ip_u/inst/i_synth/EXP_OP.i_sp_or_dp.OP/i_ccm_ln2/g_tables[1].i_addsub/dsp.two.dsp48e1_add_lo/i_no_versal_es1_workaround.DSP output dexp_64ns_64ns_64_18_full_dsp_1_U2/softmax1_dexp_64ns_64ns_64_18_full_dsp_1_ip_u/inst/i_synth/EXP_OP.i_sp_or_dp.OP/i_ccm_ln2/g_tables[1].i_addsub/dsp.two.dsp48e1_add_lo/i_no_versal_es1_workaround.DSP/CARRYCASCOUT is not pipelined (PREG=0). Pipelining the DSP48 output will improve performance and often saves power so it is suggested whenever possible to fully pipeline this function.  If this DSP48 function was inferred, it is suggested to describe an additional register stage after this function.  If the DSP48 was instantiated in the design, it is suggested to set the PREG attribute to 1.
Related violations: <none>

DPOP-1#12 Warning
PREG Output pipelining  
DSP dexp_64ns_64ns_64_18_full_dsp_1_U2/softmax1_dexp_64ns_64ns_64_18_full_dsp_1_ip_u/inst/i_synth/EXP_OP.i_sp_or_dp.OP/i_ccm_ln2/g_tables[1].i_addsub/dsp.two.dsp48e1_add_lo/i_no_versal_es1_workaround.DSP output dexp_64ns_64ns_64_18_full_dsp_1_U2/softmax1_dexp_64ns_64ns_64_18_full_dsp_1_ip_u/inst/i_synth/EXP_OP.i_sp_or_dp.OP/i_ccm_ln2/g_tables[1].i_addsub/dsp.two.dsp48e1_add_lo/i_no_versal_es1_workaround.DSP/P[47:0] is not pipelined (PREG=0). Pipelining the DSP48 output will improve performance and often saves power so it is suggested whenever possible to fully pipeline this function.  If this DSP48 function was inferred, it is suggested to describe an additional register stage after this function.  If the DSP48 was instantiated in the design, it is suggested to set the PREG attribute to 1.
Related violations: <none>

DPOP-1#13 Warning
PREG Output pipelining  
DSP dexp_64ns_64ns_64_18_full_dsp_1_U2/softmax1_dexp_64ns_64ns_64_18_full_dsp_1_ip_u/inst/i_synth/EXP_OP.i_sp_or_dp.OP/i_ccm_recip_ln2/g_tables[0].i_addsub/dsp.one.dsp48e1_add/i_no_versal_es1_workaround.DSP output dexp_64ns_64ns_64_18_full_dsp_1_U2/softmax1_dexp_64ns_64ns_64_18_full_dsp_1_ip_u/inst/i_synth/EXP_OP.i_sp_or_dp.OP/i_ccm_recip_ln2/g_tables[0].i_addsub/dsp.one.dsp48e1_add/i_no_versal_es1_workaround.DSP/P[47:0] is not pipelined (PREG=0). Pipelining the DSP48 output will improve performance and often saves power so it is suggested whenever possible to fully pipeline this function.  If this DSP48 function was inferred, it is suggested to describe an additional register stage after this function.  If the DSP48 was instantiated in the design, it is suggested to set the PREG attribute to 1.
Related violations: <none>

DPOP-1#14 Warning
PREG Output pipelining  
DSP dexp_64ns_64ns_64_18_full_dsp_1_U2/softmax1_dexp_64ns_64ns_64_18_full_dsp_1_ip_u/inst/i_synth/EXP_OP.i_sp_or_dp.OP/i_ccm_recip_ln2/g_tables[1].i_addsub/dsp.one.dsp48e1_add/i_no_versal_es1_workaround.DSP output dexp_64ns_64ns_64_18_full_dsp_1_U2/softmax1_dexp_64ns_64ns_64_18_full_dsp_1_ip_u/inst/i_synth/EXP_OP.i_sp_or_dp.OP/i_ccm_recip_ln2/g_tables[1].i_addsub/dsp.one.dsp48e1_add/i_no_versal_es1_workaround.DSP/P[47:0] is not pipelined (PREG=0). Pipelining the DSP48 output will improve performance and often saves power so it is suggested whenever possible to fully pipeline this function.  If this DSP48 function was inferred, it is suggested to describe an additional register stage after this function.  If the DSP48 was instantiated in the design, it is suggested to set the PREG attribute to 1.
Related violations: <none>

DPOP-1#15 Warning
PREG Output pipelining  
DSP dexp_64ns_64ns_64_18_full_dsp_1_U2/softmax1_dexp_64ns_64ns_64_18_full_dsp_1_ip_u/inst/i_synth/EXP_OP.i_sp_or_dp.OP/i_renorm_and_round/DSP48_E1.DSP48E1_ADD.DSP48E1_ADD/i_no_versal_es1_workaround.DSP output dexp_64ns_64ns_64_18_full_dsp_1_U2/softmax1_dexp_64ns_64ns_64_18_full_dsp_1_ip_u/inst/i_synth/EXP_OP.i_sp_or_dp.OP/i_renorm_and_round/DSP48_E1.DSP48E1_ADD.DSP48E1_ADD/i_no_versal_es1_workaround.DSP/P[47:0] is not pipelined (PREG=0). Pipelining the DSP48 output will improve performance and often saves power so it is suggested whenever possible to fully pipeline this function.  If this DSP48 function was inferred, it is suggested to describe an additional register stage after this function.  If the DSP48 was instantiated in the design, it is suggested to set the PREG attribute to 1.
Related violations: <none>

DPOP-2#1 Warning
MREG Output pipelining  
DSP dexp_64ns_64ns_64_18_full_dsp_1_U2/softmax1_dexp_64ns_64ns_64_18_full_dsp_1_ip_u/inst/i_synth/EXP_OP.i_sp_or_dp.OP/g_Fr_other.i_calculate_Fr/dsp_extra_fabric_adder.mult_with_add_low/use_prim.appDSP48[0].bppDSP48[2].use_dsp.use_dsp48e1.iDSP48E1 multiplier stage dexp_64ns_64ns_64_18_full_dsp_1_U2/softmax1_dexp_64ns_64ns_64_18_full_dsp_1_ip_u/inst/i_synth/EXP_OP.i_sp_or_dp.OP/g_Fr_other.i_calculate_Fr/dsp_extra_fabric_adder.mult_with_add_low/use_prim.appDSP48[0].bppDSP48[2].use_dsp.use_dsp48e1.iDSP48E1/P[47:0] is not pipelined (MREG=0). Pipelining the multiplier function will improve performance and will save significant power so it is suggested whenever possible to fully pipeline this function.  If this multiplier was inferred, it is suggested to describe an additional register stage after this function.  If there is no registered adder/accumulator following the multiply function, two pipeline stages are suggested to allow both the MREG and PREG registers to be used.  If the DSP48 was instantiated in the design, it is suggested to set both the MREG and PREG attributes to 1 when performing multiply functions.
Related violations: <none>

DPOP-2#2 Warning
MREG Output pipelining  
DSP dexp_64ns_64ns_64_18_full_dsp_1_U2/softmax1_dexp_64ns_64ns_64_18_full_dsp_1_ip_u/inst/i_synth/EXP_OP.i_sp_or_dp.OP/g_Fr_other.i_calculate_Fr/dsp_extra_fabric_adder.mult_with_add_low/use_prim.appDSP48[2].bppDSP48[1].use_dsp.use_dsp48e1.iDSP48E1 multiplier stage dexp_64ns_64ns_64_18_full_dsp_1_U2/softmax1_dexp_64ns_64ns_64_18_full_dsp_1_ip_u/inst/i_synth/EXP_OP.i_sp_or_dp.OP/g_Fr_other.i_calculate_Fr/dsp_extra_fabric_adder.mult_with_add_low/use_prim.appDSP48[2].bppDSP48[1].use_dsp.use_dsp48e1.iDSP48E1/P[47:0] is not pipelined (MREG=0). Pipelining the multiplier function will improve performance and will save significant power so it is suggested whenever possible to fully pipeline this function.  If this multiplier was inferred, it is suggested to describe an additional register stage after this function.  If there is no registered adder/accumulator following the multiply function, two pipeline stages are suggested to allow both the MREG and PREG registers to be used.  If the DSP48 was instantiated in the design, it is suggested to set both the MREG and PREG attributes to 1 when performing multiply functions.
Related violations: <none>

DPOP-2#3 Warning
MREG Output pipelining  
DSP dexp_64ns_64ns_64_18_full_dsp_1_U2/softmax1_dexp_64ns_64ns_64_18_full_dsp_1_ip_u/inst/i_synth/EXP_OP.i_sp_or_dp.OP/i_calculate_e2zmzm1/g_dp.i_polyomial/g_struct.multadd_2.madd/dsp_extra_fabric_adder.mult_with_add_low/use_prim.appDSP48[1].bppDSP48[0].use_dsp.use_dsp48e1.iDSP48E1 multiplier stage dexp_64ns_64ns_64_18_full_dsp_1_U2/softmax1_dexp_64ns_64ns_64_18_full_dsp_1_ip_u/inst/i_synth/EXP_OP.i_sp_or_dp.OP/i_calculate_e2zmzm1/g_dp.i_polyomial/g_struct.multadd_2.madd/dsp_extra_fabric_adder.mult_with_add_low/use_prim.appDSP48[1].bppDSP48[0].use_dsp.use_dsp48e1.iDSP48E1/P[47:0] is not pipelined (MREG=0). Pipelining the multiplier function will improve performance and will save significant power so it is suggested whenever possible to fully pipeline this function.  If this multiplier was inferred, it is suggested to describe an additional register stage after this function.  If there is no registered adder/accumulator following the multiply function, two pipeline stages are suggested to allow both the MREG and PREG registers to be used.  If the DSP48 was instantiated in the design, it is suggested to set both the MREG and PREG attributes to 1 when performing multiply functions.
Related violations: <none>

AVAL-4#1 Advisory
enum_USE_DPORT_FALSE_enum_DREG_ADREG_0_connects_CED_CEAD_RSTD_GND  
dexp_64ns_64ns_64_18_full_dsp_1_U2/softmax1_dexp_64ns_64ns_64_18_full_dsp_1_ip_u/inst/i_synth/EXP_OP.i_sp_or_dp.OP/g_Fr_other.i_calculate_e2zm1/dsp.one.dsp48e1_add/i_no_versal_es1_workaround.DSP: DSP48E1 is not using the D port (USE_DPORT = FALSE). For improved power characteristics, set DREG and ADREG to '1', tie CED, CEAD, and RSTD to logic '0'.
Related violations: <none>

AVAL-4#2 Advisory
enum_USE_DPORT_FALSE_enum_DREG_ADREG_0_connects_CED_CEAD_RSTD_GND  
dexp_64ns_64ns_64_18_full_dsp_1_U2/softmax1_dexp_64ns_64ns_64_18_full_dsp_1_ip_u/inst/i_synth/EXP_OP.i_sp_or_dp.OP/i_calculate_Xf/dsp.two.dsp48e1_add_hi/i_no_versal_es1_workaround.DSP: DSP48E1 is not using the D port (USE_DPORT = FALSE). For improved power characteristics, set DREG and ADREG to '1', tie CED, CEAD, and RSTD to logic '0'.
Related violations: <none>

AVAL-4#3 Advisory
enum_USE_DPORT_FALSE_enum_DREG_ADREG_0_connects_CED_CEAD_RSTD_GND  
dexp_64ns_64ns_64_18_full_dsp_1_U2/softmax1_dexp_64ns_64ns_64_18_full_dsp_1_ip_u/inst/i_synth/EXP_OP.i_sp_or_dp.OP/i_calculate_Xf/dsp.two.dsp48e1_add_lo/i_no_versal_es1_workaround.DSP: DSP48E1 is not using the D port (USE_DPORT = FALSE). For improved power characteristics, set DREG and ADREG to '1', tie CED, CEAD, and RSTD to logic '0'.
Related violations: <none>

AVAL-4#4 Advisory
enum_USE_DPORT_FALSE_enum_DREG_ADREG_0_connects_CED_CEAD_RSTD_GND  
dexp_64ns_64ns_64_18_full_dsp_1_U2/softmax1_dexp_64ns_64ns_64_18_full_dsp_1_ip_u/inst/i_synth/EXP_OP.i_sp_or_dp.OP/i_ccm_ln2/g_tables[0].i_addsub/dsp.two.dsp48e1_add_hi/i_no_versal_es1_workaround.DSP: DSP48E1 is not using the D port (USE_DPORT = FALSE). For improved power characteristics, set DREG and ADREG to '1', tie CED, CEAD, and RSTD to logic '0'.
Related violations: <none>

AVAL-4#5 Advisory
enum_USE_DPORT_FALSE_enum_DREG_ADREG_0_connects_CED_CEAD_RSTD_GND  
dexp_64ns_64ns_64_18_full_dsp_1_U2/softmax1_dexp_64ns_64ns_64_18_full_dsp_1_ip_u/inst/i_synth/EXP_OP.i_sp_or_dp.OP/i_ccm_ln2/g_tables[0].i_addsub/dsp.two.dsp48e1_add_lo/i_no_versal_es1_workaround.DSP: DSP48E1 is not using the D port (USE_DPORT = FALSE). For improved power characteristics, set DREG and ADREG to '1', tie CED, CEAD, and RSTD to logic '0'.
Related violations: <none>

AVAL-4#6 Advisory
enum_USE_DPORT_FALSE_enum_DREG_ADREG_0_connects_CED_CEAD_RSTD_GND  
dexp_64ns_64ns_64_18_full_dsp_1_U2/softmax1_dexp_64ns_64ns_64_18_full_dsp_1_ip_u/inst/i_synth/EXP_OP.i_sp_or_dp.OP/i_ccm_ln2/g_tables[1].i_addsub/dsp.two.dsp48e1_add_hi/i_no_versal_es1_workaround.DSP: DSP48E1 is not using the D port (USE_DPORT = FALSE). For improved power characteristics, set DREG and ADREG to '1', tie CED, CEAD, and RSTD to logic '0'.
Related violations: <none>

AVAL-4#7 Advisory
enum_USE_DPORT_FALSE_enum_DREG_ADREG_0_connects_CED_CEAD_RSTD_GND  
dexp_64ns_64ns_64_18_full_dsp_1_U2/softmax1_dexp_64ns_64ns_64_18_full_dsp_1_ip_u/inst/i_synth/EXP_OP.i_sp_or_dp.OP/i_ccm_ln2/g_tables[1].i_addsub/dsp.two.dsp48e1_add_lo/i_no_versal_es1_workaround.DSP: DSP48E1 is not using the D port (USE_DPORT = FALSE). For improved power characteristics, set DREG and ADREG to '1', tie CED, CEAD, and RSTD to logic '0'.
Related violations: <none>

AVAL-4#8 Advisory
enum_USE_DPORT_FALSE_enum_DREG_ADREG_0_connects_CED_CEAD_RSTD_GND  
dexp_64ns_64ns_64_18_full_dsp_1_U2/softmax1_dexp_64ns_64ns_64_18_full_dsp_1_ip_u/inst/i_synth/EXP_OP.i_sp_or_dp.OP/i_ccm_recip_ln2/g_tables[0].i_addsub/dsp.one.dsp48e1_add/i_no_versal_es1_workaround.DSP: DSP48E1 is not using the D port (USE_DPORT = FALSE). For improved power characteristics, set DREG and ADREG to '1', tie CED, CEAD, and RSTD to logic '0'.
Related violations: <none>

AVAL-4#9 Advisory
enum_USE_DPORT_FALSE_enum_DREG_ADREG_0_connects_CED_CEAD_RSTD_GND  
dexp_64ns_64ns_64_18_full_dsp_1_U2/softmax1_dexp_64ns_64ns_64_18_full_dsp_1_ip_u/inst/i_synth/EXP_OP.i_sp_or_dp.OP/i_ccm_recip_ln2/g_tables[1].i_addsub/dsp.one.dsp48e1_add/i_no_versal_es1_workaround.DSP: DSP48E1 is not using the D port (USE_DPORT = FALSE). For improved power characteristics, set DREG and ADREG to '1', tie CED, CEAD, and RSTD to logic '0'.
Related violations: <none>

AVAL-4#10 Advisory
enum_USE_DPORT_FALSE_enum_DREG_ADREG_0_connects_CED_CEAD_RSTD_GND  
dexp_64ns_64ns_64_18_full_dsp_1_U2/softmax1_dexp_64ns_64ns_64_18_full_dsp_1_ip_u/inst/i_synth/EXP_OP.i_sp_or_dp.OP/i_ccm_recip_ln2/g_tables[2].i_addsub/dsp.one.dsp48e1_add/i_no_versal_es1_workaround.DSP: DSP48E1 is not using the D port (USE_DPORT = FALSE). For improved power characteristics, set DREG and ADREG to '1', tie CED, CEAD, and RSTD to logic '0'.
Related violations: <none>

AVAL-4#11 Advisory
enum_USE_DPORT_FALSE_enum_DREG_ADREG_0_connects_CED_CEAD_RSTD_GND  
dexp_64ns_64ns_64_18_full_dsp_1_U2/softmax1_dexp_64ns_64ns_64_18_full_dsp_1_ip_u/inst/i_synth/EXP_OP.i_sp_or_dp.OP/i_renorm_and_round/DSP48_E1.DSP48E1_ADD.DSP48E1_ADD/i_no_versal_es1_workaround.DSP: DSP48E1 is not using the D port (USE_DPORT = FALSE). For improved power characteristics, set DREG and ADREG to '1', tie CED, CEAD, and RSTD to logic '0'.
Related violations: <none>

AVAL-5#1 Advisory
enum_USE_MULT_NONE_enum_DREG_ADREG_0_connects_CED_CEAD_RSTD_GND  
dexp_64ns_64ns_64_18_full_dsp_1_U2/softmax1_dexp_64ns_64ns_64_18_full_dsp_1_ip_u/inst/i_synth/EXP_OP.i_sp_or_dp.OP/g_Fr_other.i_calculate_e2zm1/dsp.one.dsp48e1_add/i_no_versal_es1_workaround.DSP: DSP48E1 is not using the Multiplier (USE_MULT = NONE). For improved power characteristics, set DREG and ADREG to '1', tie CED, CEAD, and RSTD to logic '0'.
Related violations: <none>

AVAL-5#2 Advisory
enum_USE_MULT_NONE_enum_DREG_ADREG_0_connects_CED_CEAD_RSTD_GND  
dexp_64ns_64ns_64_18_full_dsp_1_U2/softmax1_dexp_64ns_64ns_64_18_full_dsp_1_ip_u/inst/i_synth/EXP_OP.i_sp_or_dp.OP/i_calculate_Xf/dsp.two.dsp48e1_add_hi/i_no_versal_es1_workaround.DSP: DSP48E1 is not using the Multiplier (USE_MULT = NONE). For improved power characteristics, set DREG and ADREG to '1', tie CED, CEAD, and RSTD to logic '0'.
Related violations: <none>

AVAL-5#3 Advisory
enum_USE_MULT_NONE_enum_DREG_ADREG_0_connects_CED_CEAD_RSTD_GND  
dexp_64ns_64ns_64_18_full_dsp_1_U2/softmax1_dexp_64ns_64ns_64_18_full_dsp_1_ip_u/inst/i_synth/EXP_OP.i_sp_or_dp.OP/i_calculate_Xf/dsp.two.dsp48e1_add_lo/i_no_versal_es1_workaround.DSP: DSP48E1 is not using the Multiplier (USE_MULT = NONE). For improved power characteristics, set DREG and ADREG to '1', tie CED, CEAD, and RSTD to logic '0'.
Related violations: <none>

AVAL-5#4 Advisory
enum_USE_MULT_NONE_enum_DREG_ADREG_0_connects_CED_CEAD_RSTD_GND  
dexp_64ns_64ns_64_18_full_dsp_1_U2/softmax1_dexp_64ns_64ns_64_18_full_dsp_1_ip_u/inst/i_synth/EXP_OP.i_sp_or_dp.OP/i_ccm_ln2/g_tables[0].i_addsub/dsp.two.dsp48e1_add_hi/i_no_versal_es1_workaround.DSP: DSP48E1 is not using the Multiplier (USE_MULT = NONE). For improved power characteristics, set DREG and ADREG to '1', tie CED, CEAD, and RSTD to logic '0'.
Related violations: <none>

AVAL-5#5 Advisory
enum_USE_MULT_NONE_enum_DREG_ADREG_0_connects_CED_CEAD_RSTD_GND  
dexp_64ns_64ns_64_18_full_dsp_1_U2/softmax1_dexp_64ns_64ns_64_18_full_dsp_1_ip_u/inst/i_synth/EXP_OP.i_sp_or_dp.OP/i_ccm_ln2/g_tables[0].i_addsub/dsp.two.dsp48e1_add_lo/i_no_versal_es1_workaround.DSP: DSP48E1 is not using the Multiplier (USE_MULT = NONE). For improved power characteristics, set DREG and ADREG to '1', tie CED, CEAD, and RSTD to logic '0'.
Related violations: <none>

AVAL-5#6 Advisory
enum_USE_MULT_NONE_enum_DREG_ADREG_0_connects_CED_CEAD_RSTD_GND  
dexp_64ns_64ns_64_18_full_dsp_1_U2/softmax1_dexp_64ns_64ns_64_18_full_dsp_1_ip_u/inst/i_synth/EXP_OP.i_sp_or_dp.OP/i_ccm_ln2/g_tables[1].i_addsub/dsp.two.dsp48e1_add_hi/i_no_versal_es1_workaround.DSP: DSP48E1 is not using the Multiplier (USE_MULT = NONE). For improved power characteristics, set DREG and ADREG to '1', tie CED, CEAD, and RSTD to logic '0'.
Related violations: <none>

AVAL-5#7 Advisory
enum_USE_MULT_NONE_enum_DREG_ADREG_0_connects_CED_CEAD_RSTD_GND  
dexp_64ns_64ns_64_18_full_dsp_1_U2/softmax1_dexp_64ns_64ns_64_18_full_dsp_1_ip_u/inst/i_synth/EXP_OP.i_sp_or_dp.OP/i_ccm_ln2/g_tables[1].i_addsub/dsp.two.dsp48e1_add_lo/i_no_versal_es1_workaround.DSP: DSP48E1 is not using the Multiplier (USE_MULT = NONE). For improved power characteristics, set DREG and ADREG to '1', tie CED, CEAD, and RSTD to logic '0'.
Related violations: <none>

AVAL-5#8 Advisory
enum_USE_MULT_NONE_enum_DREG_ADREG_0_connects_CED_CEAD_RSTD_GND  
dexp_64ns_64ns_64_18_full_dsp_1_U2/softmax1_dexp_64ns_64ns_64_18_full_dsp_1_ip_u/inst/i_synth/EXP_OP.i_sp_or_dp.OP/i_ccm_recip_ln2/g_tables[0].i_addsub/dsp.one.dsp48e1_add/i_no_versal_es1_workaround.DSP: DSP48E1 is not using the Multiplier (USE_MULT = NONE). For improved power characteristics, set DREG and ADREG to '1', tie CED, CEAD, and RSTD to logic '0'.
Related violations: <none>

AVAL-5#9 Advisory
enum_USE_MULT_NONE_enum_DREG_ADREG_0_connects_CED_CEAD_RSTD_GND  
dexp_64ns_64ns_64_18_full_dsp_1_U2/softmax1_dexp_64ns_64ns_64_18_full_dsp_1_ip_u/inst/i_synth/EXP_OP.i_sp_or_dp.OP/i_ccm_recip_ln2/g_tables[1].i_addsub/dsp.one.dsp48e1_add/i_no_versal_es1_workaround.DSP: DSP48E1 is not using the Multiplier (USE_MULT = NONE). For improved power characteristics, set DREG and ADREG to '1', tie CED, CEAD, and RSTD to logic '0'.
Related violations: <none>

AVAL-5#10 Advisory
enum_USE_MULT_NONE_enum_DREG_ADREG_0_connects_CED_CEAD_RSTD_GND  
dexp_64ns_64ns_64_18_full_dsp_1_U2/softmax1_dexp_64ns_64ns_64_18_full_dsp_1_ip_u/inst/i_synth/EXP_OP.i_sp_or_dp.OP/i_ccm_recip_ln2/g_tables[2].i_addsub/dsp.one.dsp48e1_add/i_no_versal_es1_workaround.DSP: DSP48E1 is not using the Multiplier (USE_MULT = NONE). For improved power characteristics, set DREG and ADREG to '1', tie CED, CEAD, and RSTD to logic '0'.
Related violations: <none>

AVAL-5#11 Advisory
enum_USE_MULT_NONE_enum_DREG_ADREG_0_connects_CED_CEAD_RSTD_GND  
dexp_64ns_64ns_64_18_full_dsp_1_U2/softmax1_dexp_64ns_64ns_64_18_full_dsp_1_ip_u/inst/i_synth/EXP_OP.i_sp_or_dp.OP/i_renorm_and_round/DSP48_E1.DSP48E1_ADD.DSP48E1_ADD/i_no_versal_es1_workaround.DSP: DSP48E1 is not using the Multiplier (USE_MULT = NONE). For improved power characteristics, set DREG and ADREG to '1', tie CED, CEAD, and RSTD to logic '0'.
Related violations: <none>


