
*** Running vivado
    with args -log Softmax.vds -m64 -product Vivado -mode batch -messageDb vivado.pb -notrace -source Softmax.tcl



****** Vivado v2021.2 (64-bit)
  **** SW Build 3367213 on Tue Oct 19 02:48:09 MDT 2021
  **** IP Build 3369179 on Thu Oct 21 08:25:16 MDT 2021
    ** Copyright 1986-2021 Xilinx, Inc. All Rights Reserved.

source Softmax.tcl -notrace
INFO: [IP_Flow 19-234] Refreshing IP repositories
INFO: [IP_Flow 19-1700] Loaded user IP repository 'c:/HLS'.
INFO: [IP_Flow 19-2313] Loaded Vivado IP repository 'F:/XilinxMario/Vivado/2021.2/data/ip'.
Command: synth_design -top Softmax -part xc7a200tfbg676-2
Starting synth_design
Attempting to get a license for feature 'Synthesis' and/or device 'xc7a200t'
INFO: [Common 17-349] Got license for feature 'Synthesis' and/or device 'xc7a200t'
INFO: [Synth 8-7079] Multithreading enabled for synth_design using a maximum of 2 processes.
INFO: [Synth 8-7078] Launching helper process for spawning children vivado processes
INFO: [Synth 8-7075] Helper process launched with PID 9208
---------------------------------------------------------------------------------
Starting Synthesize : Time (s): cpu = 00:00:05 ; elapsed = 00:00:05 . Memory (MB): peak = 1566.141 ; gain = 0.000
---------------------------------------------------------------------------------
INFO: [Synth 8-638] synthesizing module 'Softmax' [C:/VIVADO/SoftMax/SoftMax.srcs/sources_1/Softmax.vhd:36]
INFO: [Synth 8-3491] module 'Softmax_Softmax_Pipeline_VITIS_LOOP_10_1' declared at 'C:/VIVADO/SoftMax/SoftMax.srcs/sources_1/Softmax_Softmax_Pipeline_VITIS_LOOP_10_1.vhd:12' bound to instance 'grp_Softmax_Pipeline_VITIS_LOOP_10_1_fu_48' of component 'Softmax_Softmax_Pipeline_VITIS_LOOP_10_1' [C:/VIVADO/SoftMax/SoftMax.srcs/sources_1/Softmax.vhd:181]
INFO: [Synth 8-638] synthesizing module 'Softmax_Softmax_Pipeline_VITIS_LOOP_10_1' [C:/VIVADO/SoftMax/SoftMax.srcs/sources_1/Softmax_Softmax_Pipeline_VITIS_LOOP_10_1.vhd:30]
	Parameter ID bound to: 1 - type: integer 
	Parameter NUM_STAGE bound to: 18 - type: integer 
	Parameter din0_WIDTH bound to: 64 - type: integer 
	Parameter din1_WIDTH bound to: 64 - type: integer 
	Parameter dout_WIDTH bound to: 64 - type: integer 
INFO: [Synth 8-3491] module 'Softmax_dexp_64ns_64ns_64_18_full_dsp_1' declared at 'C:/VIVADO/SoftMax/SoftMax.srcs/sources_1/Softmax_dexp_64ns_64ns_64_18_full_dsp_1.vhd:9' bound to instance 'dexp_64ns_64ns_64_18_full_dsp_1_U1' of component 'Softmax_dexp_64ns_64ns_64_18_full_dsp_1' [C:/VIVADO/SoftMax/SoftMax.srcs/sources_1/Softmax_Softmax_Pipeline_VITIS_LOOP_10_1.vhd:192]
INFO: [Synth 8-638] synthesizing module 'Softmax_dexp_64ns_64ns_64_18_full_dsp_1' [C:/VIVADO/SoftMax/SoftMax.srcs/sources_1/Softmax_dexp_64ns_64ns_64_18_full_dsp_1.vhd:27]
	Parameter ID bound to: 1 - type: integer 
	Parameter NUM_STAGE bound to: 18 - type: integer 
	Parameter din0_WIDTH bound to: 64 - type: integer 
	Parameter din1_WIDTH bound to: 64 - type: integer 
	Parameter dout_WIDTH bound to: 64 - type: integer 
INFO: [Synth 8-637] synthesizing blackbox instance 'Softmax_dexp_64ns_64ns_64_18_full_dsp_1_ip_u' of component 'Softmax_dexp_64ns_64ns_64_18_full_dsp_1_ip' [C:/VIVADO/SoftMax/SoftMax.srcs/sources_1/Softmax_dexp_64ns_64ns_64_18_full_dsp_1.vhd:52]
INFO: [Synth 8-256] done synthesizing module 'Softmax_dexp_64ns_64ns_64_18_full_dsp_1' (1#1) [C:/VIVADO/SoftMax/SoftMax.srcs/sources_1/Softmax_dexp_64ns_64ns_64_18_full_dsp_1.vhd:27]
INFO: [Synth 8-3491] module 'Softmax_flow_control_loop_pipe_sequential_init' declared at 'C:/VIVADO/SoftMax/SoftMax.srcs/sources_1/Softmax_flow_control_loop_pipe_sequential_init.vhd:10' bound to instance 'flow_control_loop_pipe_sequential_init_U' of component 'Softmax_flow_control_loop_pipe_sequential_init' [C:/VIVADO/SoftMax/SoftMax.srcs/sources_1/Softmax_Softmax_Pipeline_VITIS_LOOP_10_1.vhd:207]
INFO: [Synth 8-638] synthesizing module 'Softmax_flow_control_loop_pipe_sequential_init' [C:/VIVADO/SoftMax/SoftMax.srcs/sources_1/Softmax_flow_control_loop_pipe_sequential_init.vhd:36]
INFO: [Synth 8-256] done synthesizing module 'Softmax_flow_control_loop_pipe_sequential_init' (2#1) [C:/VIVADO/SoftMax/SoftMax.srcs/sources_1/Softmax_flow_control_loop_pipe_sequential_init.vhd:36]
INFO: [Synth 8-256] done synthesizing module 'Softmax_Softmax_Pipeline_VITIS_LOOP_10_1' (3#1) [C:/VIVADO/SoftMax/SoftMax.srcs/sources_1/Softmax_Softmax_Pipeline_VITIS_LOOP_10_1.vhd:30]
INFO: [Synth 8-3491] module 'Softmax_Softmax_Pipeline_VITIS_LOOP_14_2' declared at 'C:/VIVADO/SoftMax/SoftMax.srcs/sources_1/Softmax_Softmax_Pipeline_VITIS_LOOP_14_2.vhd:12' bound to instance 'grp_Softmax_Pipeline_VITIS_LOOP_14_2_fu_56' of component 'Softmax_Softmax_Pipeline_VITIS_LOOP_14_2' [C:/VIVADO/SoftMax/SoftMax.srcs/sources_1/Softmax.vhd:197]
INFO: [Synth 8-638] synthesizing module 'Softmax_Softmax_Pipeline_VITIS_LOOP_14_2' [C:/VIVADO/SoftMax/SoftMax.srcs/sources_1/Softmax_Softmax_Pipeline_VITIS_LOOP_14_2.vhd:29]
	Parameter ID bound to: 1 - type: integer 
	Parameter NUM_STAGE bound to: 5 - type: integer 
	Parameter din0_WIDTH bound to: 64 - type: integer 
	Parameter din1_WIDTH bound to: 64 - type: integer 
	Parameter dout_WIDTH bound to: 64 - type: integer 
INFO: [Synth 8-3491] module 'Softmax_dadd_64ns_64ns_64_5_full_dsp_1' declared at 'C:/VIVADO/SoftMax/SoftMax.srcs/sources_1/Softmax_dadd_64ns_64ns_64_5_full_dsp_1.vhd:9' bound to instance 'dadd_64ns_64ns_64_5_full_dsp_1_U5' of component 'Softmax_dadd_64ns_64ns_64_5_full_dsp_1' [C:/VIVADO/SoftMax/SoftMax.srcs/sources_1/Softmax_Softmax_Pipeline_VITIS_LOOP_14_2.vhd:145]
INFO: [Synth 8-638] synthesizing module 'Softmax_dadd_64ns_64ns_64_5_full_dsp_1' [C:/VIVADO/SoftMax/SoftMax.srcs/sources_1/Softmax_dadd_64ns_64ns_64_5_full_dsp_1.vhd:27]
	Parameter ID bound to: 1 - type: integer 
	Parameter NUM_STAGE bound to: 5 - type: integer 
	Parameter din0_WIDTH bound to: 64 - type: integer 
	Parameter din1_WIDTH bound to: 64 - type: integer 
	Parameter dout_WIDTH bound to: 64 - type: integer 
INFO: [Synth 8-637] synthesizing blackbox instance 'Softmax_dadd_64ns_64ns_64_5_full_dsp_1_ip_u' of component 'Softmax_dadd_64ns_64ns_64_5_full_dsp_1_ip' [C:/VIVADO/SoftMax/SoftMax.srcs/sources_1/Softmax_dadd_64ns_64ns_64_5_full_dsp_1.vhd:57]
INFO: [Synth 8-256] done synthesizing module 'Softmax_dadd_64ns_64ns_64_5_full_dsp_1' (4#1) [C:/VIVADO/SoftMax/SoftMax.srcs/sources_1/Softmax_dadd_64ns_64ns_64_5_full_dsp_1.vhd:27]
INFO: [Synth 8-3491] module 'Softmax_flow_control_loop_pipe_sequential_init' declared at 'C:/VIVADO/SoftMax/SoftMax.srcs/sources_1/Softmax_flow_control_loop_pipe_sequential_init.vhd:10' bound to instance 'flow_control_loop_pipe_sequential_init_U' of component 'Softmax_flow_control_loop_pipe_sequential_init' [C:/VIVADO/SoftMax/SoftMax.srcs/sources_1/Softmax_Softmax_Pipeline_VITIS_LOOP_14_2.vhd:160]
INFO: [Synth 8-256] done synthesizing module 'Softmax_Softmax_Pipeline_VITIS_LOOP_14_2' (5#1) [C:/VIVADO/SoftMax/SoftMax.srcs/sources_1/Softmax_Softmax_Pipeline_VITIS_LOOP_14_2.vhd:29]
INFO: [Synth 8-3491] module 'Softmax_Softmax_Pipeline_VITIS_LOOP_17_3' declared at 'C:/VIVADO/SoftMax/SoftMax.srcs/sources_1/Softmax_Softmax_Pipeline_VITIS_LOOP_17_3.vhd:12' bound to instance 'grp_Softmax_Pipeline_VITIS_LOOP_17_3_fu_64' of component 'Softmax_Softmax_Pipeline_VITIS_LOOP_17_3' [C:/VIVADO/SoftMax/SoftMax.srcs/sources_1/Softmax.vhd:212]
INFO: [Synth 8-638] synthesizing module 'Softmax_Softmax_Pipeline_VITIS_LOOP_17_3' [C:/VIVADO/SoftMax/SoftMax.srcs/sources_1/Softmax_Softmax_Pipeline_VITIS_LOOP_17_3.vhd:31]
	Parameter ID bound to: 1 - type: integer 
	Parameter NUM_STAGE bound to: 31 - type: integer 
	Parameter din0_WIDTH bound to: 64 - type: integer 
	Parameter din1_WIDTH bound to: 64 - type: integer 
	Parameter dout_WIDTH bound to: 64 - type: integer 
INFO: [Synth 8-3491] module 'Softmax_ddiv_64ns_64ns_64_31_no_dsp_1' declared at 'C:/VIVADO/SoftMax/SoftMax.srcs/sources_1/Softmax_ddiv_64ns_64ns_64_31_no_dsp_1.vhd:9' bound to instance 'ddiv_64ns_64ns_64_31_no_dsp_1_U10' of component 'Softmax_ddiv_64ns_64ns_64_31_no_dsp_1' [C:/VIVADO/SoftMax/SoftMax.srcs/sources_1/Softmax_Softmax_Pipeline_VITIS_LOOP_17_3.vhd:244]
INFO: [Synth 8-638] synthesizing module 'Softmax_ddiv_64ns_64ns_64_31_no_dsp_1' [C:/VIVADO/SoftMax/SoftMax.srcs/sources_1/Softmax_ddiv_64ns_64ns_64_31_no_dsp_1.vhd:27]
	Parameter ID bound to: 1 - type: integer 
	Parameter NUM_STAGE bound to: 31 - type: integer 
	Parameter din0_WIDTH bound to: 64 - type: integer 
	Parameter din1_WIDTH bound to: 64 - type: integer 
	Parameter dout_WIDTH bound to: 64 - type: integer 
INFO: [Synth 8-637] synthesizing blackbox instance 'Softmax_ddiv_64ns_64ns_64_31_no_dsp_1_ip_u' of component 'Softmax_ddiv_64ns_64ns_64_31_no_dsp_1_ip' [C:/VIVADO/SoftMax/SoftMax.srcs/sources_1/Softmax_ddiv_64ns_64ns_64_31_no_dsp_1.vhd:57]
INFO: [Synth 8-256] done synthesizing module 'Softmax_ddiv_64ns_64ns_64_31_no_dsp_1' (6#1) [C:/VIVADO/SoftMax/SoftMax.srcs/sources_1/Softmax_ddiv_64ns_64ns_64_31_no_dsp_1.vhd:27]
INFO: [Synth 8-3491] module 'Softmax_flow_control_loop_pipe_sequential_init' declared at 'C:/VIVADO/SoftMax/SoftMax.srcs/sources_1/Softmax_flow_control_loop_pipe_sequential_init.vhd:10' bound to instance 'flow_control_loop_pipe_sequential_init_U' of component 'Softmax_flow_control_loop_pipe_sequential_init' [C:/VIVADO/SoftMax/SoftMax.srcs/sources_1/Softmax_Softmax_Pipeline_VITIS_LOOP_17_3.vhd:259]
INFO: [Synth 8-256] done synthesizing module 'Softmax_Softmax_Pipeline_VITIS_LOOP_17_3' (7#1) [C:/VIVADO/SoftMax/SoftMax.srcs/sources_1/Softmax_Softmax_Pipeline_VITIS_LOOP_17_3.vhd:31]
INFO: [Synth 8-256] done synthesizing module 'Softmax' (8#1) [C:/VIVADO/SoftMax/SoftMax.srcs/sources_1/Softmax.vhd:36]
WARNING: [Synth 8-3917] design Softmax has port ap_local_block driven by constant 0
WARNING: [Synth 8-3917] design Softmax has port ap_local_deadlock driven by constant 0
WARNING: [Synth 8-7129] Port ap_done_int in module Softmax_flow_control_loop_pipe_sequential_init is either unconnected or has no load
WARNING: [Synth 8-7129] Port reset in module Softmax_ddiv_64ns_64ns_64_31_no_dsp_1 is either unconnected or has no load
WARNING: [Synth 8-7129] Port reset in module Softmax_dadd_64ns_64ns_64_5_full_dsp_1 is either unconnected or has no load
WARNING: [Synth 8-7129] Port reset in module Softmax_dexp_64ns_64ns_64_18_full_dsp_1 is either unconnected or has no load
WARNING: [Synth 8-7129] Port din0[63] in module Softmax_dexp_64ns_64ns_64_18_full_dsp_1 is either unconnected or has no load
WARNING: [Synth 8-7129] Port din0[62] in module Softmax_dexp_64ns_64ns_64_18_full_dsp_1 is either unconnected or has no load
WARNING: [Synth 8-7129] Port din0[61] in module Softmax_dexp_64ns_64ns_64_18_full_dsp_1 is either unconnected or has no load
WARNING: [Synth 8-7129] Port din0[60] in module Softmax_dexp_64ns_64ns_64_18_full_dsp_1 is either unconnected or has no load
WARNING: [Synth 8-7129] Port din0[59] in module Softmax_dexp_64ns_64ns_64_18_full_dsp_1 is either unconnected or has no load
WARNING: [Synth 8-7129] Port din0[58] in module Softmax_dexp_64ns_64ns_64_18_full_dsp_1 is either unconnected or has no load
WARNING: [Synth 8-7129] Port din0[57] in module Softmax_dexp_64ns_64ns_64_18_full_dsp_1 is either unconnected or has no load
WARNING: [Synth 8-7129] Port din0[56] in module Softmax_dexp_64ns_64ns_64_18_full_dsp_1 is either unconnected or has no load
WARNING: [Synth 8-7129] Port din0[55] in module Softmax_dexp_64ns_64ns_64_18_full_dsp_1 is either unconnected or has no load
WARNING: [Synth 8-7129] Port din0[54] in module Softmax_dexp_64ns_64ns_64_18_full_dsp_1 is either unconnected or has no load
WARNING: [Synth 8-7129] Port din0[53] in module Softmax_dexp_64ns_64ns_64_18_full_dsp_1 is either unconnected or has no load
WARNING: [Synth 8-7129] Port din0[52] in module Softmax_dexp_64ns_64ns_64_18_full_dsp_1 is either unconnected or has no load
WARNING: [Synth 8-7129] Port din0[51] in module Softmax_dexp_64ns_64ns_64_18_full_dsp_1 is either unconnected or has no load
WARNING: [Synth 8-7129] Port din0[50] in module Softmax_dexp_64ns_64ns_64_18_full_dsp_1 is either unconnected or has no load
WARNING: [Synth 8-7129] Port din0[49] in module Softmax_dexp_64ns_64ns_64_18_full_dsp_1 is either unconnected or has no load
WARNING: [Synth 8-7129] Port din0[48] in module Softmax_dexp_64ns_64ns_64_18_full_dsp_1 is either unconnected or has no load
WARNING: [Synth 8-7129] Port din0[47] in module Softmax_dexp_64ns_64ns_64_18_full_dsp_1 is either unconnected or has no load
WARNING: [Synth 8-7129] Port din0[46] in module Softmax_dexp_64ns_64ns_64_18_full_dsp_1 is either unconnected or has no load
WARNING: [Synth 8-7129] Port din0[45] in module Softmax_dexp_64ns_64ns_64_18_full_dsp_1 is either unconnected or has no load
WARNING: [Synth 8-7129] Port din0[44] in module Softmax_dexp_64ns_64ns_64_18_full_dsp_1 is either unconnected or has no load
WARNING: [Synth 8-7129] Port din0[43] in module Softmax_dexp_64ns_64ns_64_18_full_dsp_1 is either unconnected or has no load
WARNING: [Synth 8-7129] Port din0[42] in module Softmax_dexp_64ns_64ns_64_18_full_dsp_1 is either unconnected or has no load
WARNING: [Synth 8-7129] Port din0[41] in module Softmax_dexp_64ns_64ns_64_18_full_dsp_1 is either unconnected or has no load
WARNING: [Synth 8-7129] Port din0[40] in module Softmax_dexp_64ns_64ns_64_18_full_dsp_1 is either unconnected or has no load
WARNING: [Synth 8-7129] Port din0[39] in module Softmax_dexp_64ns_64ns_64_18_full_dsp_1 is either unconnected or has no load
WARNING: [Synth 8-7129] Port din0[38] in module Softmax_dexp_64ns_64ns_64_18_full_dsp_1 is either unconnected or has no load
WARNING: [Synth 8-7129] Port din0[37] in module Softmax_dexp_64ns_64ns_64_18_full_dsp_1 is either unconnected or has no load
WARNING: [Synth 8-7129] Port din0[36] in module Softmax_dexp_64ns_64ns_64_18_full_dsp_1 is either unconnected or has no load
WARNING: [Synth 8-7129] Port din0[35] in module Softmax_dexp_64ns_64ns_64_18_full_dsp_1 is either unconnected or has no load
WARNING: [Synth 8-7129] Port din0[34] in module Softmax_dexp_64ns_64ns_64_18_full_dsp_1 is either unconnected or has no load
WARNING: [Synth 8-7129] Port din0[33] in module Softmax_dexp_64ns_64ns_64_18_full_dsp_1 is either unconnected or has no load
WARNING: [Synth 8-7129] Port din0[32] in module Softmax_dexp_64ns_64ns_64_18_full_dsp_1 is either unconnected or has no load
WARNING: [Synth 8-7129] Port din0[31] in module Softmax_dexp_64ns_64ns_64_18_full_dsp_1 is either unconnected or has no load
WARNING: [Synth 8-7129] Port din0[30] in module Softmax_dexp_64ns_64ns_64_18_full_dsp_1 is either unconnected or has no load
WARNING: [Synth 8-7129] Port din0[29] in module Softmax_dexp_64ns_64ns_64_18_full_dsp_1 is either unconnected or has no load
WARNING: [Synth 8-7129] Port din0[28] in module Softmax_dexp_64ns_64ns_64_18_full_dsp_1 is either unconnected or has no load
WARNING: [Synth 8-7129] Port din0[27] in module Softmax_dexp_64ns_64ns_64_18_full_dsp_1 is either unconnected or has no load
WARNING: [Synth 8-7129] Port din0[26] in module Softmax_dexp_64ns_64ns_64_18_full_dsp_1 is either unconnected or has no load
WARNING: [Synth 8-7129] Port din0[25] in module Softmax_dexp_64ns_64ns_64_18_full_dsp_1 is either unconnected or has no load
WARNING: [Synth 8-7129] Port din0[24] in module Softmax_dexp_64ns_64ns_64_18_full_dsp_1 is either unconnected or has no load
WARNING: [Synth 8-7129] Port din0[23] in module Softmax_dexp_64ns_64ns_64_18_full_dsp_1 is either unconnected or has no load
WARNING: [Synth 8-7129] Port din0[22] in module Softmax_dexp_64ns_64ns_64_18_full_dsp_1 is either unconnected or has no load
WARNING: [Synth 8-7129] Port din0[21] in module Softmax_dexp_64ns_64ns_64_18_full_dsp_1 is either unconnected or has no load
WARNING: [Synth 8-7129] Port din0[20] in module Softmax_dexp_64ns_64ns_64_18_full_dsp_1 is either unconnected or has no load
WARNING: [Synth 8-7129] Port din0[19] in module Softmax_dexp_64ns_64ns_64_18_full_dsp_1 is either unconnected or has no load
WARNING: [Synth 8-7129] Port din0[18] in module Softmax_dexp_64ns_64ns_64_18_full_dsp_1 is either unconnected or has no load
WARNING: [Synth 8-7129] Port din0[17] in module Softmax_dexp_64ns_64ns_64_18_full_dsp_1 is either unconnected or has no load
WARNING: [Synth 8-7129] Port din0[16] in module Softmax_dexp_64ns_64ns_64_18_full_dsp_1 is either unconnected or has no load
WARNING: [Synth 8-7129] Port din0[15] in module Softmax_dexp_64ns_64ns_64_18_full_dsp_1 is either unconnected or has no load
WARNING: [Synth 8-7129] Port din0[14] in module Softmax_dexp_64ns_64ns_64_18_full_dsp_1 is either unconnected or has no load
WARNING: [Synth 8-7129] Port din0[13] in module Softmax_dexp_64ns_64ns_64_18_full_dsp_1 is either unconnected or has no load
WARNING: [Synth 8-7129] Port din0[12] in module Softmax_dexp_64ns_64ns_64_18_full_dsp_1 is either unconnected or has no load
WARNING: [Synth 8-7129] Port din0[11] in module Softmax_dexp_64ns_64ns_64_18_full_dsp_1 is either unconnected or has no load
WARNING: [Synth 8-7129] Port din0[10] in module Softmax_dexp_64ns_64ns_64_18_full_dsp_1 is either unconnected or has no load
WARNING: [Synth 8-7129] Port din0[9] in module Softmax_dexp_64ns_64ns_64_18_full_dsp_1 is either unconnected or has no load
WARNING: [Synth 8-7129] Port din0[8] in module Softmax_dexp_64ns_64ns_64_18_full_dsp_1 is either unconnected or has no load
WARNING: [Synth 8-7129] Port din0[7] in module Softmax_dexp_64ns_64ns_64_18_full_dsp_1 is either unconnected or has no load
WARNING: [Synth 8-7129] Port din0[6] in module Softmax_dexp_64ns_64ns_64_18_full_dsp_1 is either unconnected or has no load
WARNING: [Synth 8-7129] Port din0[5] in module Softmax_dexp_64ns_64ns_64_18_full_dsp_1 is either unconnected or has no load
WARNING: [Synth 8-7129] Port din0[4] in module Softmax_dexp_64ns_64ns_64_18_full_dsp_1 is either unconnected or has no load
WARNING: [Synth 8-7129] Port din0[3] in module Softmax_dexp_64ns_64ns_64_18_full_dsp_1 is either unconnected or has no load
WARNING: [Synth 8-7129] Port din0[2] in module Softmax_dexp_64ns_64ns_64_18_full_dsp_1 is either unconnected or has no load
WARNING: [Synth 8-7129] Port din0[1] in module Softmax_dexp_64ns_64ns_64_18_full_dsp_1 is either unconnected or has no load
WARNING: [Synth 8-7129] Port din0[0] in module Softmax_dexp_64ns_64ns_64_18_full_dsp_1 is either unconnected or has no load
---------------------------------------------------------------------------------
Finished Synthesize : Time (s): cpu = 00:00:06 ; elapsed = 00:00:07 . Memory (MB): peak = 1566.141 ; gain = 0.000
---------------------------------------------------------------------------------
---------------------------------------------------------------------------------
Finished Constraint Validation : Time (s): cpu = 00:00:07 ; elapsed = 00:00:08 . Memory (MB): peak = 1566.141 ; gain = 0.000
---------------------------------------------------------------------------------
---------------------------------------------------------------------------------
Start Loading Part and Timing Information
---------------------------------------------------------------------------------
Loading part: xc7a200tfbg676-2
---------------------------------------------------------------------------------
Finished Loading Part and Timing Information : Time (s): cpu = 00:00:07 ; elapsed = 00:00:08 . Memory (MB): peak = 1566.141 ; gain = 0.000
---------------------------------------------------------------------------------
INFO: [Device 21-403] Loading part xc7a200tfbg676-2
INFO: [Synth 8-4490] FSM extraction disabled for register 'ap_CS_fsm_reg' through user attribute
INFO: [Synth 8-4490] FSM extraction disabled for register 'ap_CS_fsm_reg' through user attribute
INFO: [Synth 8-4490] FSM extraction disabled for register 'ap_CS_fsm_reg' through user attribute
---------------------------------------------------------------------------------
Finished RTL Optimization Phase 2 : Time (s): cpu = 00:00:08 ; elapsed = 00:00:08 . Memory (MB): peak = 1566.141 ; gain = 0.000
---------------------------------------------------------------------------------
No constraint files found.
---------------------------------------------------------------------------------
Start RTL Component Statistics 
---------------------------------------------------------------------------------
Detailed RTL Component Info : 
+---Adders : 
	   2 Input    4 Bit       Adders := 3     
+---Registers : 
	               64 Bit    Registers := 37    
	                8 Bit    Registers := 1     
	                5 Bit    Registers := 1     
	                4 Bit    Registers := 36    
	                1 Bit    Registers := 124   
+---Muxes : 
	   2 Input   64 Bit        Muxes := 9     
	   2 Input    8 Bit        Muxes := 1     
	   2 Input    7 Bit        Muxes := 1     
	   6 Input    5 Bit        Muxes := 1     
	   2 Input    4 Bit        Muxes := 4     
	   2 Input    3 Bit        Muxes := 1     
	   2 Input    2 Bit        Muxes := 2     
	   2 Input    1 Bit        Muxes := 27    
---------------------------------------------------------------------------------
Finished RTL Component Statistics 
---------------------------------------------------------------------------------
---------------------------------------------------------------------------------
Start Part Resource Summary
---------------------------------------------------------------------------------
Part Resources:
DSPs: 740 (col length:100)
BRAMs: 730 (col length: RAMB18 100 RAMB36 50)
---------------------------------------------------------------------------------
Finished Part Resource Summary
---------------------------------------------------------------------------------
No constraint files found.
---------------------------------------------------------------------------------
Start Cross Boundary and Area Optimization
---------------------------------------------------------------------------------
WARNING: [Synth 8-7080] Parallel synthesis criteria is not met
WARNING: [Synth 8-3917] design Softmax has port ap_local_block driven by constant 0
WARNING: [Synth 8-3917] design Softmax has port ap_local_deadlock driven by constant 0
---------------------------------------------------------------------------------
Finished Cross Boundary and Area Optimization : Time (s): cpu = 00:00:13 ; elapsed = 00:00:14 . Memory (MB): peak = 1566.141 ; gain = 0.000
---------------------------------------------------------------------------------
No constraint files found.
---------------------------------------------------------------------------------
Start Timing Optimization
---------------------------------------------------------------------------------
---------------------------------------------------------------------------------
Finished Timing Optimization : Time (s): cpu = 00:00:13 ; elapsed = 00:00:14 . Memory (MB): peak = 1566.141 ; gain = 0.000
---------------------------------------------------------------------------------
---------------------------------------------------------------------------------
Start Technology Mapping
---------------------------------------------------------------------------------
---------------------------------------------------------------------------------
Finished Technology Mapping : Time (s): cpu = 00:00:13 ; elapsed = 00:00:15 . Memory (MB): peak = 1566.141 ; gain = 0.000
---------------------------------------------------------------------------------
---------------------------------------------------------------------------------
Start IO Insertion
---------------------------------------------------------------------------------
---------------------------------------------------------------------------------
Start Flattening Before IO Insertion
---------------------------------------------------------------------------------
---------------------------------------------------------------------------------
Finished Flattening Before IO Insertion
---------------------------------------------------------------------------------
---------------------------------------------------------------------------------
Start Final Netlist Cleanup
---------------------------------------------------------------------------------
---------------------------------------------------------------------------------
Finished Final Netlist Cleanup
---------------------------------------------------------------------------------
---------------------------------------------------------------------------------
Finished IO Insertion : Time (s): cpu = 00:00:19 ; elapsed = 00:00:20 . Memory (MB): peak = 1566.141 ; gain = 0.000
---------------------------------------------------------------------------------
---------------------------------------------------------------------------------
Start Renaming Generated Instances
---------------------------------------------------------------------------------
---------------------------------------------------------------------------------
Finished Renaming Generated Instances : Time (s): cpu = 00:00:19 ; elapsed = 00:00:20 . Memory (MB): peak = 1566.141 ; gain = 0.000
---------------------------------------------------------------------------------
---------------------------------------------------------------------------------
Start Rebuilding User Hierarchy
---------------------------------------------------------------------------------
---------------------------------------------------------------------------------
Finished Rebuilding User Hierarchy : Time (s): cpu = 00:00:19 ; elapsed = 00:00:20 . Memory (MB): peak = 1566.141 ; gain = 0.000
---------------------------------------------------------------------------------
---------------------------------------------------------------------------------
Start Renaming Generated Ports
---------------------------------------------------------------------------------
---------------------------------------------------------------------------------
Finished Renaming Generated Ports : Time (s): cpu = 00:00:19 ; elapsed = 00:00:20 . Memory (MB): peak = 1566.141 ; gain = 0.000
---------------------------------------------------------------------------------
---------------------------------------------------------------------------------
Start Handling Custom Attributes
---------------------------------------------------------------------------------
---------------------------------------------------------------------------------
Finished Handling Custom Attributes : Time (s): cpu = 00:00:19 ; elapsed = 00:00:20 . Memory (MB): peak = 1566.141 ; gain = 0.000
---------------------------------------------------------------------------------
---------------------------------------------------------------------------------
Start Renaming Generated Nets
---------------------------------------------------------------------------------
---------------------------------------------------------------------------------
Finished Renaming Generated Nets : Time (s): cpu = 00:00:19 ; elapsed = 00:00:20 . Memory (MB): peak = 1566.141 ; gain = 0.000
---------------------------------------------------------------------------------
---------------------------------------------------------------------------------
Start ROM, RAM, DSP, Shift Register and Retiming Reporting
---------------------------------------------------------------------------------

Static Shift Register Report:
+------------+----------------------------------------------------------------------------------+--------+-------+--------------+--------------------+-------------------+--------+---------+
|Module Name | RTL Name                                                                         | Length | Width | Reset Signal | Pull out first Reg | Pull out last Reg | SRL16E | SRLC32E | 
+------------+----------------------------------------------------------------------------------+--------+-------+--------------+--------------------+-------------------+--------+---------+
|Softmax     | grp_Softmax_Pipeline_VITIS_LOOP_10_1_fu_48/k_cast_reg_122_pp0_iter19_reg_reg[3]  | 19     | 4     | NO           | NO                 | YES               | 0      | 4       | 
|Softmax     | grp_Softmax_Pipeline_VITIS_LOOP_10_1_fu_48/ap_loop_exit_ready_pp0_iter19_reg_reg | 19     | 1     | NO           | NO                 | YES               | 0      | 1       | 
|Softmax     | grp_Softmax_Pipeline_VITIS_LOOP_17_3_fu_64/y_addr_reg_123_pp0_iter32_reg_reg[3]  | 32     | 4     | NO           | NO                 | YES               | 0      | 4       | 
|Softmax     | grp_Softmax_Pipeline_VITIS_LOOP_17_3_fu_64/ap_loop_exit_ready_pp0_iter32_reg_reg | 32     | 1     | NO           | NO                 | YES               | 0      | 1       | 
|Softmax     | grp_Softmax_Pipeline_VITIS_LOOP_10_1_fu_48/ap_enable_reg_pp0_iter20_reg          | 20     | 1     | YES          | NO                 | YES               | 0      | 1       | 
|Softmax     | grp_Softmax_Pipeline_VITIS_LOOP_17_3_fu_64/ap_enable_reg_pp0_iter33_reg          | 32     | 1     | YES          | NO                 | YES               | 0      | 1       | 
+------------+----------------------------------------------------------------------------------+--------+-------+--------------+--------------------+-------------------+--------+---------+

---------------------------------------------------------------------------------
Finished ROM, RAM, DSP, Shift Register and Retiming Reporting
---------------------------------------------------------------------------------
---------------------------------------------------------------------------------
Start Writing Synthesis Report
---------------------------------------------------------------------------------

Report BlackBoxes: 
+------+-------------------------------------------+----------+
|      |BlackBox name                              |Instances |
+------+-------------------------------------------+----------+
|1     |Softmax_dexp_64ns_64ns_64_18_full_dsp_1_ip |         1|
|2     |Softmax_dadd_64ns_64ns_64_5_full_dsp_1_ip  |         1|
|3     |Softmax_ddiv_64ns_64ns_64_31_no_dsp_1_ip   |         1|
+------+-------------------------------------------+----------+

Report Cell Usage: 
+------+------------------------------------------------+------+
|      |Cell                                            |Count |
+------+------------------------------------------------+------+
|1     |Softmax_dadd_64ns_64ns_64_5_full_dsp_1_ip_bbox  |     1|
|2     |Softmax_ddiv_64ns_64ns_64_31_no_dsp_1_ip_bbox   |     1|
|3     |Softmax_dexp_64ns_64ns_64_18_full_dsp_1_ip_bbox |     1|
|4     |BUFG                                            |     1|
|5     |LUT2                                            |     9|
|6     |LUT3                                            |    80|
|7     |LUT4                                            |    75|
|8     |LUT5                                            |    11|
|9     |LUT6                                            |    87|
|10    |SRLC32E                                         |    12|
|11    |FDRE                                            |   985|
|12    |FDSE                                            |     2|
|13    |IBUF                                            |   195|
|14    |OBUF                                            |    85|
+------+------------------------------------------------+------+

Report Instance Areas: 
+------+---------------------------------------------+-------------------------------------------------+------+
|      |Instance                                     |Module                                           |Cells |
+------+---------------------------------------------+-------------------------------------------------+------+
|1     |top                                          |                                                 |  1737|
|2     |  grp_Softmax_Pipeline_VITIS_LOOP_10_1_fu_48 |Softmax_Softmax_Pipeline_VITIS_LOOP_10_1         |   302|
|3     |    dexp_64ns_64ns_64_18_full_dsp_1_U1       |Softmax_dexp_64ns_64ns_64_18_full_dsp_1          |   193|
|4     |    flow_control_loop_pipe_sequential_init_U |Softmax_flow_control_loop_pipe_sequential_init_1 |    18|
|5     |  grp_Softmax_Pipeline_VITIS_LOOP_14_2_fu_56 |Softmax_Softmax_Pipeline_VITIS_LOOP_14_2         |   553|
|6     |    dadd_64ns_64ns_64_5_full_dsp_1_U5        |Softmax_dadd_64ns_64ns_64_5_full_dsp_1           |   257|
|7     |    flow_control_loop_pipe_sequential_init_U |Softmax_flow_control_loop_pipe_sequential_init_0 |    83|
|8     |  grp_Softmax_Pipeline_VITIS_LOOP_17_3_fu_64 |Softmax_Softmax_Pipeline_VITIS_LOOP_17_3         |   460|
|9     |    ddiv_64ns_64ns_64_31_no_dsp_1_U10        |Softmax_ddiv_64ns_64ns_64_31_no_dsp_1            |   321|
|10    |    flow_control_loop_pipe_sequential_init_U |Softmax_flow_control_loop_pipe_sequential_init   |    19|
+------+---------------------------------------------+-------------------------------------------------+------+
---------------------------------------------------------------------------------
Finished Writing Synthesis Report : Time (s): cpu = 00:00:19 ; elapsed = 00:00:20 . Memory (MB): peak = 1566.141 ; gain = 0.000
---------------------------------------------------------------------------------
Synthesis finished with 0 errors, 0 critical warnings and 73 warnings.
Synthesis Optimization Runtime : Time (s): cpu = 00:00:19 ; elapsed = 00:00:20 . Memory (MB): peak = 1566.141 ; gain = 0.000
Synthesis Optimization Complete : Time (s): cpu = 00:00:19 ; elapsed = 00:00:20 . Memory (MB): peak = 1566.141 ; gain = 0.000
INFO: [Project 1-571] Translating synthesized netlist
Netlist sorting complete. Time (s): cpu = 00:00:00 ; elapsed = 00:00:00.042 . Memory (MB): peak = 1566.141 ; gain = 0.000
INFO: [Project 1-570] Preparing netlist for logic optimization
INFO: [Opt 31-138] Pushed 0 inverter(s) to 0 load pin(s).
Netlist sorting complete. Time (s): cpu = 00:00:00 ; elapsed = 00:00:00 . Memory (MB): peak = 1566.141 ; gain = 0.000
INFO: [Project 1-111] Unisim Transformation Summary:
No Unisim elements were transformed.

Synth Design complete, checksum: 6a09728f
INFO: [Common 17-83] Releasing license: Synthesis
44 Infos, 73 Warnings, 0 Critical Warnings and 0 Errors encountered.
synth_design completed successfully
synth_design: Time (s): cpu = 00:00:22 ; elapsed = 00:00:23 . Memory (MB): peak = 1566.141 ; gain = 0.000
INFO: [Common 17-1381] The checkpoint 'C:/VIVADO/SoftMax/SoftMax.runs/synth_1/Softmax.dcp' has been generated.
INFO: [runtcl-4] Executing : report_utilization -file Softmax_utilization_synth.rpt -pb Softmax_utilization_synth.pb
INFO: [Common 17-206] Exiting Vivado at Tue Feb 23 15:10:16 2021...
