
*** Running vivado
    with args -log Softmax.vdi -applog -m64 -product Vivado -messageDb vivado.pb -mode batch -source Softmax.tcl -notrace



****** Vivado v2021.2 (64-bit)
  **** SW Build 3367213 on Tue Oct 19 02:48:09 MDT 2021
  **** IP Build 3369179 on Thu Oct 21 08:25:16 MDT 2021
    ** Copyright 1986-2021 Xilinx, Inc. All Rights Reserved.

source Softmax.tcl -notrace
INFO: [IP_Flow 19-234] Refreshing IP repositories
INFO: [IP_Flow 19-1700] Loaded user IP repository 'c:/HLS'.
INFO: [IP_Flow 19-2313] Loaded Vivado IP repository 'F:/XilinxMario/Vivado/2021.2/data/ip'.
Command: link_design -top Softmax -part xc7a200tfbg676-2
Design is defaulting to srcset: sources_1
Design is defaulting to constrset: constrs_1
INFO: [Device 21-403] Loading part xc7a200tfbg676-2
Netlist sorting complete. Time (s): cpu = 00:00:00 ; elapsed = 00:00:00.032 . Memory (MB): peak = 1566.383 ; gain = 0.000
INFO: [Project 1-479] Netlist was created with Vivado 2021.2
INFO: [Project 1-570] Preparing netlist for logic optimization
CRITICAL WARNING: [Project 1-486] Could not resolve non-primitive black box cell 'Softmax_dadd_64ns_64ns_64_5_full_dsp_1_ip' instantiated as 'grp_Softmax_Pipeline_VITIS_LOOP_14_2_fu_56/dadd_64ns_64ns_64_5_full_dsp_1_U5/Softmax_dadd_64ns_64ns_64_5_full_dsp_1_ip_u' [C:/VIVADO/SoftMax/SoftMax.srcs/sources_1/Softmax_dadd_64ns_64ns_64_5_full_dsp_1.vhd:57]
CRITICAL WARNING: [Project 1-486] Could not resolve non-primitive black box cell 'Softmax_ddiv_64ns_64ns_64_31_no_dsp_1_ip' instantiated as 'grp_Softmax_Pipeline_VITIS_LOOP_17_3_fu_64/ddiv_64ns_64ns_64_31_no_dsp_1_U10/Softmax_ddiv_64ns_64ns_64_31_no_dsp_1_ip_u' [C:/VIVADO/SoftMax/SoftMax.srcs/sources_1/Softmax_ddiv_64ns_64ns_64_31_no_dsp_1.vhd:57]
CRITICAL WARNING: [Project 1-486] Could not resolve non-primitive black box cell 'Softmax_dexp_64ns_64ns_64_18_full_dsp_1_ip' instantiated as 'grp_Softmax_Pipeline_VITIS_LOOP_10_1_fu_48/dexp_64ns_64ns_64_18_full_dsp_1_U1/Softmax_dexp_64ns_64ns_64_18_full_dsp_1_ip_u' [C:/VIVADO/SoftMax/SoftMax.srcs/sources_1/Softmax_dexp_64ns_64ns_64_18_full_dsp_1.vhd:52]
Netlist sorting complete. Time (s): cpu = 00:00:00 ; elapsed = 00:00:00.001 . Memory (MB): peak = 1566.383 ; gain = 0.000
INFO: [Project 1-111] Unisim Transformation Summary:
No Unisim elements were transformed.

7 Infos, 0 Warnings, 3 Critical Warnings and 0 Errors encountered.
link_design completed successfully
link_design: Time (s): cpu = 00:00:06 ; elapsed = 00:00:06 . Memory (MB): peak = 1566.383 ; gain = 0.000
Command: opt_design
Attempting to get a license for feature 'Implementation' and/or device 'xc7a200t'
INFO: [Common 17-349] Got license for feature 'Implementation' and/or device 'xc7a200t'
Running DRC as a precondition to command opt_design

Starting DRC Task
INFO: [DRC 23-27] Running DRC with 2 threads
ERROR: [DRC INBB-3] Black Box Instances: Cell 'grp_Softmax_Pipeline_VITIS_LOOP_10_1_fu_48/dexp_64ns_64ns_64_18_full_dsp_1_U1/Softmax_dexp_64ns_64ns_64_18_full_dsp_1_ip_u' of type 'Softmax_dexp_64ns_64ns_64_18_full_dsp_1_ip' has undefined contents and is considered a black box.  The contents of this cell must be defined for opt_design to complete successfully.
ERROR: [DRC INBB-3] Black Box Instances: Cell 'grp_Softmax_Pipeline_VITIS_LOOP_14_2_fu_56/dadd_64ns_64ns_64_5_full_dsp_1_U5/Softmax_dadd_64ns_64ns_64_5_full_dsp_1_ip_u' of type 'Softmax_dadd_64ns_64ns_64_5_full_dsp_1_ip' has undefined contents and is considered a black box.  The contents of this cell must be defined for opt_design to complete successfully.
ERROR: [DRC INBB-3] Black Box Instances: Cell 'grp_Softmax_Pipeline_VITIS_LOOP_17_3_fu_64/ddiv_64ns_64ns_64_31_no_dsp_1_U10/Softmax_ddiv_64ns_64ns_64_31_no_dsp_1_ip_u' of type 'Softmax_ddiv_64ns_64ns_64_31_no_dsp_1_ip' has undefined contents and is considered a black box.  The contents of this cell must be defined for opt_design to complete successfully.
INFO: [Project 1-461] DRC finished with 3 Errors
INFO: [Project 1-462] Please refer to the DRC report (report_drc) for more information.
ERROR: [Vivado_Tcl 4-78] Error(s) found during DRC. Opt_design not run.

Time (s): cpu = 00:00:01 ; elapsed = 00:00:00.934 . Memory (MB): peak = 1566.383 ; gain = 0.000
INFO: [Common 17-83] Releasing license: Implementation
12 Infos, 0 Warnings, 3 Critical Warnings and 4 Errors encountered.
opt_design failed
ERROR: [Common 17-39] 'opt_design' failed due to earlier errors.

INFO: [Common 17-206] Exiting Vivado at Tue Feb 23 15:10:50 2021...
