Copyright 1986-2021 Xilinx, Inc. All Rights Reserved.
---------------------------------------------------------------------------------------------------------------------------------------------------------------------------------------------------------
| Tool Version : Vivado v.2021.2 (win64) Build 3367213 Tue Oct 19 02:48:09 MDT 2021
| Date         : Fri Feb 26 17:51:47 2021
| Host         : DESKTOP-QG17U6G running 64-bit major release  (build 9200)
| Command      : report_timing_summary -max_paths 10 -report_unconstrained -file relu_timing_summary_routed.rpt -pb relu_timing_summary_routed.pb -rpx relu_timing_summary_routed.rpx -warn_on_violation
| Design       : relu
| Device       : 7a200t-fbg676
| Speed File   : -2  PRODUCTION 1.23 2018-06-13
---------------------------------------------------------------------------------------------------------------------------------------------------------------------------------------------------------

Timing Summary Report

------------------------------------------------------------------------------------------------
| Timer Settings
| --------------
------------------------------------------------------------------------------------------------

  Enable Multi Corner Analysis               :  Yes
  Enable Pessimism Removal                   :  Yes
  Pessimism Removal Resolution               :  Nearest Common Node
  Enable Input Delay Default Clock           :  No
  Enable Preset / Clear Arcs                 :  No
  Disable Flight Delays                      :  No
  Ignore I/O Paths                           :  No
  Timing Early Launch at Borrowing Latches   :  No
  Borrow Time for Max Delay Exceptions       :  Yes
  Merge Timing Exceptions                    :  Yes

  Corner  Analyze    Analyze    
  Name    Max Paths  Min Paths  
  ------  ---------  ---------  
  Slow    Yes        Yes        
  Fast    Yes        Yes        


------------------------------------------------------------------------------------------------
| Report Methodology
| ------------------
------------------------------------------------------------------------------------------------

Rule  Severity  Description  Violations  
----  --------  -----------  ----------  

Note: This report is based on the most recent report_methodology run and may not be up-to-date. Run report_methodology on the current design for the latest report.



check_timing report

Table of Contents
-----------------
1. checking no_clock (0)
2. checking constant_clock (0)
3. checking pulse_width_clock (0)
4. checking unconstrained_internal_endpoints (0)
5. checking no_input_delay (0)
6. checking no_output_delay (0)
7. checking multiple_clock (0)
8. checking generated_clocks (0)
9. checking loops (0)
10. checking partial_input_delay (0)
11. checking partial_output_delay (0)
12. checking latch_loops (0)

1. checking no_clock (0)
------------------------
 There are 0 register/latch pins with no clock.


2. checking constant_clock (0)
------------------------------
 There are 0 register/latch pins with constant_clock.


3. checking pulse_width_clock (0)
---------------------------------
 There are 0 register/latch pins which need pulse_width check


4. checking unconstrained_internal_endpoints (0)
------------------------------------------------
 There are 0 pins that are not constrained for maximum delay.

 There are 0 pins that are not constrained for maximum delay due to constant clock.


5. checking no_input_delay (0)
------------------------------
 There are 0 input ports with no input delay specified.

 There are 0 input ports with no input delay but user has a false path constraint.


6. checking no_output_delay (0)
-------------------------------
 There are 0 ports with no output delay specified.

 There are 0 ports with no output delay but user has a false path constraint

 There are 0 ports with no output delay but with a timing clock defined on it or propagating through it


7. checking multiple_clock (0)
------------------------------
 There are 0 register/latch pins with multiple clocks.


8. checking generated_clocks (0)
--------------------------------
 There are 0 generated clocks that are not connected to a clock source.


9. checking loops (0)
---------------------
 There are 0 combinational loops in the design.


10. checking partial_input_delay (0)
------------------------------------
 There are 0 input ports with partial input delay specified.


11. checking partial_output_delay (0)
-------------------------------------
 There are 0 ports with partial output delay specified.


12. checking latch_loops (0)
----------------------------
 There are 0 combinational latch loops in the design through latch input



------------------------------------------------------------------------------------------------
| Design Timing Summary
| ---------------------
------------------------------------------------------------------------------------------------

    WNS(ns)      TNS(ns)  TNS Failing Endpoints  TNS Total Endpoints      WHS(ns)      THS(ns)  THS Failing Endpoints  THS Total Endpoints     WPWS(ns)     TPWS(ns)  TPWS Failing Endpoints  TPWS Total Endpoints  
    -------      -------  ---------------------  -------------------      -------      -------  ---------------------  -------------------     --------     --------  ----------------------  --------------------  
        inf        0.000                      0                   33          inf        0.000                      0                   33           NA           NA                      NA                    NA  


There are no user specified timing constraints.


------------------------------------------------------------------------------------------------
| Clock Summary
| -------------
------------------------------------------------------------------------------------------------


------------------------------------------------------------------------------------------------
| Intra Clock Table
| -----------------
------------------------------------------------------------------------------------------------

Clock             WNS(ns)      TNS(ns)  TNS Failing Endpoints  TNS Total Endpoints      WHS(ns)      THS(ns)  THS Failing Endpoints  THS Total Endpoints     WPWS(ns)     TPWS(ns)  TPWS Failing Endpoints  TPWS Total Endpoints  
-----             -------      -------  ---------------------  -------------------      -------      -------  ---------------------  -------------------     --------     --------  ----------------------  --------------------  


------------------------------------------------------------------------------------------------
| Inter Clock Table
| -----------------
------------------------------------------------------------------------------------------------

From Clock    To Clock          WNS(ns)      TNS(ns)  TNS Failing Endpoints  TNS Total Endpoints      WHS(ns)      THS(ns)  THS Failing Endpoints  THS Total Endpoints  
----------    --------          -------      -------  ---------------------  -------------------      -------      -------  ---------------------  -------------------  


------------------------------------------------------------------------------------------------
| Other Path Groups Table
| -----------------------
------------------------------------------------------------------------------------------------

Path Group    From Clock    To Clock          WNS(ns)      TNS(ns)  TNS Failing Endpoints  TNS Total Endpoints      WHS(ns)      THS(ns)  THS Failing Endpoints  THS Total Endpoints  
----------    ----------    --------          -------      -------  ---------------------  -------------------      -------      -------  ---------------------  -------------------  


------------------------------------------------------------------------------------------------
| User Ignored Path Table
| -----------------------
------------------------------------------------------------------------------------------------

Path Group    From Clock    To Clock    
----------    ----------    --------    


------------------------------------------------------------------------------------------------
| Unconstrained Path Table
| ------------------------
------------------------------------------------------------------------------------------------

Path Group    From Clock    To Clock    
----------    ----------    --------    
(none)                                    


------------------------------------------------------------------------------------------------
| Timing Details
| --------------
------------------------------------------------------------------------------------------------


--------------------------------------------------------------------------------------
Path Group:  (none)
From Clock:  
  To Clock:  

Max Delay            33 Endpoints
Min Delay            33 Endpoints
--------------------------------------------------------------------------------------


Max Delay Paths
--------------------------------------------------------------------------------------
Slack:                    inf
  Source:                 x[0]
                            (input port)
  Destination:            ap_return[2]
                            (output port)
  Path Group:             (none)
  Path Type:              Max at Slow Process Corner
  Data Path Delay:        12.089ns  (logic 4.414ns (36.513%)  route 7.675ns (63.487%))
  Logic Levels:           8  (CARRY4=4 IBUF=1 LUT2=2 OBUF=1)

    Location             Delay type                Incr(ns)  Path(ns)    Netlist Resource(s)
  -------------------------------------------------------------------    -------------------
    U4                                                0.000     0.000 f  x[0] (IN)
                         net (fo=0)                   0.000     0.000    x[0]
    U4                   IBUF (Prop_ibuf_I_O)         0.902     0.902 f  x_IBUF[0]_inst/O
                         net (fo=3, routed)           4.508     5.410    x_IBUF[0]
    SLICE_X0Y114         LUT2 (Prop_lut2_I0_O)        0.105     5.515 r  ap_return_OBUF[30]_inst_i_37/O
                         net (fo=1, routed)           0.000     5.515    ap_return_OBUF[30]_inst_i_37_n_0
    SLICE_X0Y114         CARRY4 (Prop_carry4_S[0]_CO[3])
                                                      0.440     5.955 r  ap_return_OBUF[30]_inst_i_21/CO[3]
                         net (fo=1, routed)           0.000     5.955    ap_return_OBUF[30]_inst_i_21_n_0
    SLICE_X0Y115         CARRY4 (Prop_carry4_CI_CO[3])
                                                      0.098     6.053 r  ap_return_OBUF[30]_inst_i_12/CO[3]
                         net (fo=1, routed)           0.000     6.053    ap_return_OBUF[30]_inst_i_12_n_0
    SLICE_X0Y116         CARRY4 (Prop_carry4_CI_CO[3])
                                                      0.098     6.151 r  ap_return_OBUF[30]_inst_i_3/CO[3]
                         net (fo=1, routed)           0.000     6.151    ap_return_OBUF[30]_inst_i_3_n_0
    SLICE_X0Y117         CARRY4 (Prop_carry4_CI_CO[3])
                                                      0.098     6.249 r  ap_return_OBUF[30]_inst_i_2/CO[3]
                         net (fo=31, routed)          1.767     8.015    icmp_ln4_fu_30_p2
    SLICE_X0Y101         LUT2 (Prop_lut2_I0_O)        0.126     8.141 r  ap_return_OBUF[2]_inst_i_1/O
                         net (fo=1, routed)           1.401     9.542    ap_return_OBUF[2]
    T23                  OBUF (Prop_obuf_I_O)         2.547    12.089 r  ap_return_OBUF[2]_inst/O
                         net (fo=0)                   0.000    12.089    ap_return[2]
    T23                                                               r  ap_return[2] (OUT)
  -------------------------------------------------------------------    -------------------

Slack:                    inf
  Source:                 x[0]
                            (input port)
  Destination:            ap_return[30]
                            (output port)
  Path Group:             (none)
  Path Type:              Max at Slow Process Corner
  Data Path Delay:        11.979ns  (logic 4.410ns (36.818%)  route 7.569ns (63.182%))
  Logic Levels:           8  (CARRY4=4 IBUF=1 LUT2=2 OBUF=1)

    Location             Delay type                Incr(ns)  Path(ns)    Netlist Resource(s)
  -------------------------------------------------------------------    -------------------
    U4                                                0.000     0.000 f  x[0] (IN)
                         net (fo=0)                   0.000     0.000    x[0]
    U4                   IBUF (Prop_ibuf_I_O)         0.902     0.902 f  x_IBUF[0]_inst/O
                         net (fo=3, routed)           4.508     5.410    x_IBUF[0]
    SLICE_X0Y114         LUT2 (Prop_lut2_I0_O)        0.105     5.515 r  ap_return_OBUF[30]_inst_i_37/O
                         net (fo=1, routed)           0.000     5.515    ap_return_OBUF[30]_inst_i_37_n_0
    SLICE_X0Y114         CARRY4 (Prop_carry4_S[0]_CO[3])
                                                      0.440     5.955 r  ap_return_OBUF[30]_inst_i_21/CO[3]
                         net (fo=1, routed)           0.000     5.955    ap_return_OBUF[30]_inst_i_21_n_0
    SLICE_X0Y115         CARRY4 (Prop_carry4_CI_CO[3])
                                                      0.098     6.053 r  ap_return_OBUF[30]_inst_i_12/CO[3]
                         net (fo=1, routed)           0.000     6.053    ap_return_OBUF[30]_inst_i_12_n_0
    SLICE_X0Y116         CARRY4 (Prop_carry4_CI_CO[3])
                                                      0.098     6.151 r  ap_return_OBUF[30]_inst_i_3/CO[3]
                         net (fo=1, routed)           0.000     6.151    ap_return_OBUF[30]_inst_i_3_n_0
    SLICE_X0Y117         CARRY4 (Prop_carry4_CI_CO[3])
                                                      0.098     6.249 r  ap_return_OBUF[30]_inst_i_2/CO[3]
                         net (fo=31, routed)          1.584     7.832    icmp_ln4_fu_30_p2
    SLICE_X0Y128         LUT2 (Prop_lut2_I0_O)        0.124     7.956 r  ap_return_OBUF[30]_inst_i_1/O
                         net (fo=1, routed)           1.477     9.433    ap_return_OBUF[30]
    M24                  OBUF (Prop_obuf_I_O)         2.546    11.979 r  ap_return_OBUF[30]_inst/O
                         net (fo=0)                   0.000    11.979    ap_return[30]
    M24                                                               r  ap_return[30] (OUT)
  -------------------------------------------------------------------    -------------------

Slack:                    inf
  Source:                 x[0]
                            (input port)
  Destination:            ap_return[4]
                            (output port)
  Path Group:             (none)
  Path Type:              Max at Slow Process Corner
  Data Path Delay:        11.950ns  (logic 4.404ns (36.851%)  route 7.547ns (63.149%))
  Logic Levels:           8  (CARRY4=4 IBUF=1 LUT2=2 OBUF=1)

    Location             Delay type                Incr(ns)  Path(ns)    Netlist Resource(s)
  -------------------------------------------------------------------    -------------------
    U4                                                0.000     0.000 f  x[0] (IN)
                         net (fo=0)                   0.000     0.000    x[0]
    U4                   IBUF (Prop_ibuf_I_O)         0.902     0.902 f  x_IBUF[0]_inst/O
                         net (fo=3, routed)           4.508     5.410    x_IBUF[0]
    SLICE_X0Y114         LUT2 (Prop_lut2_I0_O)        0.105     5.515 r  ap_return_OBUF[30]_inst_i_37/O
                         net (fo=1, routed)           0.000     5.515    ap_return_OBUF[30]_inst_i_37_n_0
    SLICE_X0Y114         CARRY4 (Prop_carry4_S[0]_CO[3])
                                                      0.440     5.955 r  ap_return_OBUF[30]_inst_i_21/CO[3]
                         net (fo=1, routed)           0.000     5.955    ap_return_OBUF[30]_inst_i_21_n_0
    SLICE_X0Y115         CARRY4 (Prop_carry4_CI_CO[3])
                                                      0.098     6.053 r  ap_return_OBUF[30]_inst_i_12/CO[3]
                         net (fo=1, routed)           0.000     6.053    ap_return_OBUF[30]_inst_i_12_n_0
    SLICE_X0Y116         CARRY4 (Prop_carry4_CI_CO[3])
                                                      0.098     6.151 r  ap_return_OBUF[30]_inst_i_3/CO[3]
                         net (fo=1, routed)           0.000     6.151    ap_return_OBUF[30]_inst_i_3_n_0
    SLICE_X0Y117         CARRY4 (Prop_carry4_CI_CO[3])
                                                      0.098     6.249 r  ap_return_OBUF[30]_inst_i_2/CO[3]
                         net (fo=31, routed)          1.638     7.887    icmp_ln4_fu_30_p2
    SLICE_X0Y103         LUT2 (Prop_lut2_I0_O)        0.126     8.013 r  ap_return_OBUF[4]_inst_i_1/O
                         net (fo=1, routed)           1.401     9.413    ap_return_OBUF[4]
    T22                  OBUF (Prop_obuf_I_O)         2.537    11.950 r  ap_return_OBUF[4]_inst/O
                         net (fo=0)                   0.000    11.950    ap_return[4]
    T22                                                               r  ap_return[4] (OUT)
  -------------------------------------------------------------------    -------------------

Slack:                    inf
  Source:                 x[0]
                            (input port)
  Destination:            ap_return[6]
                            (output port)
  Path Group:             (none)
  Path Type:              Max at Slow Process Corner
  Data Path Delay:        11.850ns  (logic 4.433ns (37.408%)  route 7.417ns (62.592%))
  Logic Levels:           8  (CARRY4=4 IBUF=1 LUT2=2 OBUF=1)

    Location             Delay type                Incr(ns)  Path(ns)    Netlist Resource(s)
  -------------------------------------------------------------------    -------------------
    U4                                                0.000     0.000 f  x[0] (IN)
                         net (fo=0)                   0.000     0.000    x[0]
    U4                   IBUF (Prop_ibuf_I_O)         0.902     0.902 f  x_IBUF[0]_inst/O
                         net (fo=3, routed)           4.508     5.410    x_IBUF[0]
    SLICE_X0Y114         LUT2 (Prop_lut2_I0_O)        0.105     5.515 r  ap_return_OBUF[30]_inst_i_37/O
                         net (fo=1, routed)           0.000     5.515    ap_return_OBUF[30]_inst_i_37_n_0
    SLICE_X0Y114         CARRY4 (Prop_carry4_S[0]_CO[3])
                                                      0.440     5.955 r  ap_return_OBUF[30]_inst_i_21/CO[3]
                         net (fo=1, routed)           0.000     5.955    ap_return_OBUF[30]_inst_i_21_n_0
    SLICE_X0Y115         CARRY4 (Prop_carry4_CI_CO[3])
                                                      0.098     6.053 r  ap_return_OBUF[30]_inst_i_12/CO[3]
                         net (fo=1, routed)           0.000     6.053    ap_return_OBUF[30]_inst_i_12_n_0
    SLICE_X0Y116         CARRY4 (Prop_carry4_CI_CO[3])
                                                      0.098     6.151 r  ap_return_OBUF[30]_inst_i_3/CO[3]
                         net (fo=1, routed)           0.000     6.151    ap_return_OBUF[30]_inst_i_3_n_0
    SLICE_X0Y117         CARRY4 (Prop_carry4_CI_CO[3])
                                                      0.098     6.249 r  ap_return_OBUF[30]_inst_i_2/CO[3]
                         net (fo=31, routed)          1.509     7.757    icmp_ln4_fu_30_p2
    SLICE_X0Y105         LUT2 (Prop_lut2_I0_O)        0.126     7.883 r  ap_return_OBUF[6]_inst_i_1/O
                         net (fo=1, routed)           1.401     9.284    ap_return_OBUF[6]
    R26                  OBUF (Prop_obuf_I_O)         2.566    11.850 r  ap_return_OBUF[6]_inst/O
                         net (fo=0)                   0.000    11.850    ap_return[6]
    R26                                                               r  ap_return[6] (OUT)
  -------------------------------------------------------------------    -------------------

Slack:                    inf
  Source:                 x[0]
                            (input port)
  Destination:            ap_return[0]
                            (output port)
  Path Group:             (none)
  Path Type:              Max at Slow Process Corner
  Data Path Delay:        11.837ns  (logic 4.175ns (35.276%)  route 7.661ns (64.724%))
  Logic Levels:           8  (CARRY4=4 IBUF=1 LUT2=2 OBUF=1)

    Location             Delay type                Incr(ns)  Path(ns)    Netlist Resource(s)
  -------------------------------------------------------------------    -------------------
    U4                                                0.000     0.000 f  x[0] (IN)
                         net (fo=0)                   0.000     0.000    x[0]
    U4                   IBUF (Prop_ibuf_I_O)         0.902     0.902 f  x_IBUF[0]_inst/O
                         net (fo=3, routed)           4.508     5.410    x_IBUF[0]
    SLICE_X0Y114         LUT2 (Prop_lut2_I0_O)        0.105     5.515 r  ap_return_OBUF[30]_inst_i_37/O
                         net (fo=1, routed)           0.000     5.515    ap_return_OBUF[30]_inst_i_37_n_0
    SLICE_X0Y114         CARRY4 (Prop_carry4_S[0]_CO[3])
                                                      0.440     5.955 r  ap_return_OBUF[30]_inst_i_21/CO[3]
                         net (fo=1, routed)           0.000     5.955    ap_return_OBUF[30]_inst_i_21_n_0
    SLICE_X0Y115         CARRY4 (Prop_carry4_CI_CO[3])
                                                      0.098     6.053 r  ap_return_OBUF[30]_inst_i_12/CO[3]
                         net (fo=1, routed)           0.000     6.053    ap_return_OBUF[30]_inst_i_12_n_0
    SLICE_X0Y116         CARRY4 (Prop_carry4_CI_CO[3])
                                                      0.098     6.151 r  ap_return_OBUF[30]_inst_i_3/CO[3]
                         net (fo=1, routed)           0.000     6.151    ap_return_OBUF[30]_inst_i_3_n_0
    SLICE_X0Y117         CARRY4 (Prop_carry4_CI_CO[3])
                                                      0.098     6.249 r  ap_return_OBUF[30]_inst_i_2/CO[3]
                         net (fo=31, routed)          1.759     8.007    icmp_ln4_fu_30_p2
    SLICE_X0Y101         LUT2 (Prop_lut2_I0_O)        0.105     8.112 r  ap_return_OBUF[0]_inst_i_1/O
                         net (fo=1, routed)           1.395     9.507    ap_return_OBUF[0]
    R18                  OBUF (Prop_obuf_I_O)         2.330    11.837 r  ap_return_OBUF[0]_inst/O
                         net (fo=0)                   0.000    11.837    ap_return[0]
    R18                                                               r  ap_return[0] (OUT)
  -------------------------------------------------------------------    -------------------

Slack:                    inf
  Source:                 x[0]
                            (input port)
  Destination:            ap_return[28]
                            (output port)
  Path Group:             (none)
  Path Type:              Max at Slow Process Corner
  Data Path Delay:        11.778ns  (logic 4.397ns (37.331%)  route 7.381ns (62.669%))
  Logic Levels:           8  (CARRY4=4 IBUF=1 LUT2=2 OBUF=1)

    Location             Delay type                Incr(ns)  Path(ns)    Netlist Resource(s)
  -------------------------------------------------------------------    -------------------
    U4                                                0.000     0.000 f  x[0] (IN)
                         net (fo=0)                   0.000     0.000    x[0]
    U4                   IBUF (Prop_ibuf_I_O)         0.902     0.902 f  x_IBUF[0]_inst/O
                         net (fo=3, routed)           4.508     5.410    x_IBUF[0]
    SLICE_X0Y114         LUT2 (Prop_lut2_I0_O)        0.105     5.515 r  ap_return_OBUF[30]_inst_i_37/O
                         net (fo=1, routed)           0.000     5.515    ap_return_OBUF[30]_inst_i_37_n_0
    SLICE_X0Y114         CARRY4 (Prop_carry4_S[0]_CO[3])
                                                      0.440     5.955 r  ap_return_OBUF[30]_inst_i_21/CO[3]
                         net (fo=1, routed)           0.000     5.955    ap_return_OBUF[30]_inst_i_21_n_0
    SLICE_X0Y115         CARRY4 (Prop_carry4_CI_CO[3])
                                                      0.098     6.053 r  ap_return_OBUF[30]_inst_i_12/CO[3]
                         net (fo=1, routed)           0.000     6.053    ap_return_OBUF[30]_inst_i_12_n_0
    SLICE_X0Y116         CARRY4 (Prop_carry4_CI_CO[3])
                                                      0.098     6.151 r  ap_return_OBUF[30]_inst_i_3/CO[3]
                         net (fo=1, routed)           0.000     6.151    ap_return_OBUF[30]_inst_i_3_n_0
    SLICE_X0Y117         CARRY4 (Prop_carry4_CI_CO[3])
                                                      0.098     6.249 r  ap_return_OBUF[30]_inst_i_2/CO[3]
                         net (fo=31, routed)          1.473     7.721    icmp_ln4_fu_30_p2
    SLICE_X0Y127         LUT2 (Prop_lut2_I0_O)        0.124     7.845 r  ap_return_OBUF[28]_inst_i_1/O
                         net (fo=1, routed)           1.401     9.246    ap_return_OBUF[28]
    L22                  OBUF (Prop_obuf_I_O)         2.532    11.778 r  ap_return_OBUF[28]_inst/O
                         net (fo=0)                   0.000    11.778    ap_return[28]
    L22                                                               r  ap_return[28] (OUT)
  -------------------------------------------------------------------    -------------------

Slack:                    inf
  Source:                 x[0]
                            (input port)
  Destination:            ap_return[1]
                            (output port)
  Path Group:             (none)
  Path Type:              Max at Slow Process Corner
  Data Path Delay:        11.750ns  (logic 4.219ns (35.909%)  route 7.531ns (64.091%))
  Logic Levels:           8  (CARRY4=4 IBUF=1 LUT2=2 OBUF=1)

    Location             Delay type                Incr(ns)  Path(ns)    Netlist Resource(s)
  -------------------------------------------------------------------    -------------------
    U4                                                0.000     0.000 f  x[0] (IN)
                         net (fo=0)                   0.000     0.000    x[0]
    U4                   IBUF (Prop_ibuf_I_O)         0.902     0.902 f  x_IBUF[0]_inst/O
                         net (fo=3, routed)           4.508     5.410    x_IBUF[0]
    SLICE_X0Y114         LUT2 (Prop_lut2_I0_O)        0.105     5.515 r  ap_return_OBUF[30]_inst_i_37/O
                         net (fo=1, routed)           0.000     5.515    ap_return_OBUF[30]_inst_i_37_n_0
    SLICE_X0Y114         CARRY4 (Prop_carry4_S[0]_CO[3])
                                                      0.440     5.955 r  ap_return_OBUF[30]_inst_i_21/CO[3]
                         net (fo=1, routed)           0.000     5.955    ap_return_OBUF[30]_inst_i_21_n_0
    SLICE_X0Y115         CARRY4 (Prop_carry4_CI_CO[3])
                                                      0.098     6.053 r  ap_return_OBUF[30]_inst_i_12/CO[3]
                         net (fo=1, routed)           0.000     6.053    ap_return_OBUF[30]_inst_i_12_n_0
    SLICE_X0Y116         CARRY4 (Prop_carry4_CI_CO[3])
                                                      0.098     6.151 r  ap_return_OBUF[30]_inst_i_3/CO[3]
                         net (fo=1, routed)           0.000     6.151    ap_return_OBUF[30]_inst_i_3_n_0
    SLICE_X0Y117         CARRY4 (Prop_carry4_CI_CO[3])
                                                      0.098     6.249 r  ap_return_OBUF[30]_inst_i_2/CO[3]
                         net (fo=31, routed)          1.767     8.015    icmp_ln4_fu_30_p2
    SLICE_X0Y101         LUT2 (Prop_lut2_I0_O)        0.105     8.120 r  ap_return_OBUF[1]_inst_i_1/O
                         net (fo=1, routed)           1.256     9.377    ap_return_OBUF[1]
    R23                  OBUF (Prop_obuf_I_O)         2.374    11.750 r  ap_return_OBUF[1]_inst/O
                         net (fo=0)                   0.000    11.750    ap_return[1]
    R23                                                               r  ap_return[1] (OUT)
  -------------------------------------------------------------------    -------------------

Slack:                    inf
  Source:                 x[0]
                            (input port)
  Destination:            ap_return[29]
                            (output port)
  Path Group:             (none)
  Path Type:              Max at Slow Process Corner
  Data Path Delay:        11.709ns  (logic 4.240ns (36.210%)  route 7.469ns (63.790%))
  Logic Levels:           8  (CARRY4=4 IBUF=1 LUT2=2 OBUF=1)

    Location             Delay type                Incr(ns)  Path(ns)    Netlist Resource(s)
  -------------------------------------------------------------------    -------------------
    U4                                                0.000     0.000 f  x[0] (IN)
                         net (fo=0)                   0.000     0.000    x[0]
    U4                   IBUF (Prop_ibuf_I_O)         0.902     0.902 f  x_IBUF[0]_inst/O
                         net (fo=3, routed)           4.508     5.410    x_IBUF[0]
    SLICE_X0Y114         LUT2 (Prop_lut2_I0_O)        0.105     5.515 r  ap_return_OBUF[30]_inst_i_37/O
                         net (fo=1, routed)           0.000     5.515    ap_return_OBUF[30]_inst_i_37_n_0
    SLICE_X0Y114         CARRY4 (Prop_carry4_S[0]_CO[3])
                                                      0.440     5.955 r  ap_return_OBUF[30]_inst_i_21/CO[3]
                         net (fo=1, routed)           0.000     5.955    ap_return_OBUF[30]_inst_i_21_n_0
    SLICE_X0Y115         CARRY4 (Prop_carry4_CI_CO[3])
                                                      0.098     6.053 r  ap_return_OBUF[30]_inst_i_12/CO[3]
                         net (fo=1, routed)           0.000     6.053    ap_return_OBUF[30]_inst_i_12_n_0
    SLICE_X0Y116         CARRY4 (Prop_carry4_CI_CO[3])
                                                      0.098     6.151 r  ap_return_OBUF[30]_inst_i_3/CO[3]
                         net (fo=1, routed)           0.000     6.151    ap_return_OBUF[30]_inst_i_3_n_0
    SLICE_X0Y117         CARRY4 (Prop_carry4_CI_CO[3])
                                                      0.098     6.249 r  ap_return_OBUF[30]_inst_i_2/CO[3]
                         net (fo=31, routed)          1.584     7.832    icmp_ln4_fu_30_p2
    SLICE_X0Y128         LUT2 (Prop_lut2_I0_O)        0.105     7.937 r  ap_return_OBUF[29]_inst_i_1/O
                         net (fo=1, routed)           1.377     9.315    ap_return_OBUF[29]
    M25                  OBUF (Prop_obuf_I_O)         2.394    11.709 r  ap_return_OBUF[29]_inst/O
                         net (fo=0)                   0.000    11.709    ap_return[29]
    M25                                                               r  ap_return[29] (OUT)
  -------------------------------------------------------------------    -------------------

Slack:                    inf
  Source:                 x[0]
                            (input port)
  Destination:            ap_return[8]
                            (output port)
  Path Group:             (none)
  Path Type:              Max at Slow Process Corner
  Data Path Delay:        11.700ns  (logic 4.412ns (37.711%)  route 7.288ns (62.289%))
  Logic Levels:           8  (CARRY4=4 IBUF=1 LUT2=2 OBUF=1)

    Location             Delay type                Incr(ns)  Path(ns)    Netlist Resource(s)
  -------------------------------------------------------------------    -------------------
    U4                                                0.000     0.000 f  x[0] (IN)
                         net (fo=0)                   0.000     0.000    x[0]
    U4                   IBUF (Prop_ibuf_I_O)         0.902     0.902 f  x_IBUF[0]_inst/O
                         net (fo=3, routed)           4.508     5.410    x_IBUF[0]
    SLICE_X0Y114         LUT2 (Prop_lut2_I0_O)        0.105     5.515 r  ap_return_OBUF[30]_inst_i_37/O
                         net (fo=1, routed)           0.000     5.515    ap_return_OBUF[30]_inst_i_37_n_0
    SLICE_X0Y114         CARRY4 (Prop_carry4_S[0]_CO[3])
                                                      0.440     5.955 r  ap_return_OBUF[30]_inst_i_21/CO[3]
                         net (fo=1, routed)           0.000     5.955    ap_return_OBUF[30]_inst_i_21_n_0
    SLICE_X0Y115         CARRY4 (Prop_carry4_CI_CO[3])
                                                      0.098     6.053 r  ap_return_OBUF[30]_inst_i_12/CO[3]
                         net (fo=1, routed)           0.000     6.053    ap_return_OBUF[30]_inst_i_12_n_0
    SLICE_X0Y116         CARRY4 (Prop_carry4_CI_CO[3])
                                                      0.098     6.151 r  ap_return_OBUF[30]_inst_i_3/CO[3]
                         net (fo=1, routed)           0.000     6.151    ap_return_OBUF[30]_inst_i_3_n_0
    SLICE_X0Y117         CARRY4 (Prop_carry4_CI_CO[3])
                                                      0.098     6.249 r  ap_return_OBUF[30]_inst_i_2/CO[3]
                         net (fo=31, routed)          1.379     7.628    icmp_ln4_fu_30_p2
    SLICE_X0Y107         LUT2 (Prop_lut2_I0_O)        0.126     7.754 r  ap_return_OBUF[8]_inst_i_1/O
                         net (fo=1, routed)           1.401     9.155    ap_return_OBUF[8]
    T24                  OBUF (Prop_obuf_I_O)         2.546    11.700 r  ap_return_OBUF[8]_inst/O
                         net (fo=0)                   0.000    11.700    ap_return[8]
    T24                                                               r  ap_return[8] (OUT)
  -------------------------------------------------------------------    -------------------

Slack:                    inf
  Source:                 x[0]
                            (input port)
  Destination:            ap_return[26]
                            (output port)
  Path Group:             (none)
  Path Type:              Max at Slow Process Corner
  Data Path Delay:        11.650ns  (logic 4.397ns (37.742%)  route 7.253ns (62.258%))
  Logic Levels:           8  (CARRY4=4 IBUF=1 LUT2=2 OBUF=1)

    Location             Delay type                Incr(ns)  Path(ns)    Netlist Resource(s)
  -------------------------------------------------------------------    -------------------
    U4                                                0.000     0.000 f  x[0] (IN)
                         net (fo=0)                   0.000     0.000    x[0]
    U4                   IBUF (Prop_ibuf_I_O)         0.902     0.902 f  x_IBUF[0]_inst/O
                         net (fo=3, routed)           4.508     5.410    x_IBUF[0]
    SLICE_X0Y114         LUT2 (Prop_lut2_I0_O)        0.105     5.515 r  ap_return_OBUF[30]_inst_i_37/O
                         net (fo=1, routed)           0.000     5.515    ap_return_OBUF[30]_inst_i_37_n_0
    SLICE_X0Y114         CARRY4 (Prop_carry4_S[0]_CO[3])
                                                      0.440     5.955 r  ap_return_OBUF[30]_inst_i_21/CO[3]
                         net (fo=1, routed)           0.000     5.955    ap_return_OBUF[30]_inst_i_21_n_0
    SLICE_X0Y115         CARRY4 (Prop_carry4_CI_CO[3])
                                                      0.098     6.053 r  ap_return_OBUF[30]_inst_i_12/CO[3]
                         net (fo=1, routed)           0.000     6.053    ap_return_OBUF[30]_inst_i_12_n_0
    SLICE_X0Y116         CARRY4 (Prop_carry4_CI_CO[3])
                                                      0.098     6.151 r  ap_return_OBUF[30]_inst_i_3/CO[3]
                         net (fo=1, routed)           0.000     6.151    ap_return_OBUF[30]_inst_i_3_n_0
    SLICE_X0Y117         CARRY4 (Prop_carry4_CI_CO[3])
                                                      0.098     6.249 r  ap_return_OBUF[30]_inst_i_2/CO[3]
                         net (fo=31, routed)          1.344     7.593    icmp_ln4_fu_30_p2
    SLICE_X0Y125         LUT2 (Prop_lut2_I0_O)        0.124     7.717 r  ap_return_OBUF[26]_inst_i_1/O
                         net (fo=1, routed)           1.401     9.118    ap_return_OBUF[26]
    M21                  OBUF (Prop_obuf_I_O)         2.532    11.650 r  ap_return_OBUF[26]_inst/O
                         net (fo=0)                   0.000    11.650    ap_return[26]
    M21                                                               r  ap_return[26] (OUT)
  -------------------------------------------------------------------    -------------------





Min Delay Paths
--------------------------------------------------------------------------------------
Slack:                    inf
  Source:                 ap_start
                            (input port)
  Destination:            ap_ready
                            (output port)
  Path Group:             (none)
  Path Type:              Min at Fast Process Corner
  Data Path Delay:        1.861ns  (logic 1.309ns (70.351%)  route 0.552ns (29.649%))
  Logic Levels:           2  (IBUF=1 OBUF=1)

    Location             Delay type                Incr(ns)  Path(ns)    Netlist Resource(s)
  -------------------------------------------------------------------    -------------------
    M19                                               0.000     0.000 r  ap_start (IN)
                         net (fo=0)                   0.000     0.000    ap_start
    M19                  IBUF (Prop_ibuf_I_O)         0.149     0.149 r  ap_start_IBUF_inst/O
                         net (fo=2, routed)           0.552     0.701    ap_ready_OBUF
    K25                  OBUF (Prop_obuf_I_O)         1.161     1.861 r  ap_ready_OBUF_inst/O
                         net (fo=0)                   0.000     1.861    ap_ready
    K25                                                               r  ap_ready (OUT)
  -------------------------------------------------------------------    -------------------

Slack:                    inf
  Source:                 ap_start
                            (input port)
  Destination:            ap_done
                            (output port)
  Path Group:             (none)
  Path Type:              Min at Fast Process Corner
  Data Path Delay:        1.930ns  (logic 1.303ns (67.528%)  route 0.627ns (32.472%))
  Logic Levels:           2  (IBUF=1 OBUF=1)

    Location             Delay type                Incr(ns)  Path(ns)    Netlist Resource(s)
  -------------------------------------------------------------------    -------------------
    M19                                               0.000     0.000 r  ap_start (IN)
                         net (fo=0)                   0.000     0.000    ap_start
    M19                  IBUF (Prop_ibuf_I_O)         0.149     0.149 r  ap_start_IBUF_inst/O
                         net (fo=2, routed)           0.627     0.775    ap_ready_OBUF
    L24                  OBUF (Prop_obuf_I_O)         1.154     1.930 r  ap_done_OBUF_inst/O
                         net (fo=0)                   0.000     1.930    ap_done
    L24                                                               r  ap_done (OUT)
  -------------------------------------------------------------------    -------------------

Slack:                    inf
  Source:                 x[27]
                            (input port)
  Destination:            ap_return[27]
                            (output port)
  Path Group:             (none)
  Path Type:              Min at Fast Process Corner
  Data Path Delay:        2.233ns  (logic 1.380ns (61.801%)  route 0.853ns (38.199%))
  Logic Levels:           3  (IBUF=1 LUT2=1 OBUF=1)

    Location             Delay type                Incr(ns)  Path(ns)    Netlist Resource(s)
  -------------------------------------------------------------------    -------------------
    P15                                               0.000     0.000 r  x[27] (IN)
                         net (fo=0)                   0.000     0.000    x[27]
    P15                  IBUF (Prop_ibuf_I_O)         0.190     0.190 r  x_IBUF[27]_inst/O
                         net (fo=3, routed)           0.578     0.768    x_IBUF[27]
    SLICE_X0Y127         LUT2 (Prop_lut2_I1_O)        0.045     0.813 r  ap_return_OBUF[27]_inst_i_1/O
                         net (fo=1, routed)           0.274     1.088    ap_return_OBUF[27]
    L23                  OBUF (Prop_obuf_I_O)         1.145     2.233 r  ap_return_OBUF[27]_inst/O
                         net (fo=0)                   0.000     2.233    ap_return[27]
    L23                                                               r  ap_return[27] (OUT)
  -------------------------------------------------------------------    -------------------

Slack:                    inf
  Source:                 x[29]
                            (input port)
  Destination:            ap_return[29]
                            (output port)
  Path Group:             (none)
  Path Type:              Min at Fast Process Corner
  Data Path Delay:        2.309ns  (logic 1.405ns (60.836%)  route 0.904ns (39.164%))
  Logic Levels:           3  (IBUF=1 LUT2=1 OBUF=1)

    Location             Delay type                Incr(ns)  Path(ns)    Netlist Resource(s)
  -------------------------------------------------------------------    -------------------
    P14                                               0.000     0.000 r  x[29] (IN)
                         net (fo=0)                   0.000     0.000    x[29]
    P14                  IBUF (Prop_ibuf_I_O)         0.196     0.196 r  x_IBUF[29]_inst/O
                         net (fo=3, routed)           0.593     0.788    x_IBUF[29]
    SLICE_X0Y128         LUT2 (Prop_lut2_I1_O)        0.045     0.833 r  ap_return_OBUF[29]_inst_i_1/O
                         net (fo=1, routed)           0.311     1.145    ap_return_OBUF[29]
    M25                  OBUF (Prop_obuf_I_O)         1.164     2.309 r  ap_return_OBUF[29]_inst/O
                         net (fo=0)                   0.000     2.309    ap_return[29]
    M25                                                               r  ap_return[29] (OUT)
  -------------------------------------------------------------------    -------------------

Slack:                    inf
  Source:                 x[24]
                            (input port)
  Destination:            ap_return[24]
                            (output port)
  Path Group:             (none)
  Path Type:              Min at Fast Process Corner
  Data Path Delay:        2.488ns  (logic 1.404ns (56.414%)  route 1.084ns (43.586%))
  Logic Levels:           3  (IBUF=1 LUT2=1 OBUF=1)

    Location             Delay type                Incr(ns)  Path(ns)    Netlist Resource(s)
  -------------------------------------------------------------------    -------------------
    N16                                               0.000     0.000 r  x[24] (IN)
                         net (fo=0)                   0.000     0.000    x[24]
    N16                  IBUF (Prop_ibuf_I_O)         0.170     0.170 r  x_IBUF[24]_inst/O
                         net (fo=3, routed)           0.745     0.914    x_IBUF[24]
    SLICE_X0Y123         LUT2 (Prop_lut2_I1_O)        0.042     0.956 r  ap_return_OBUF[24]_inst_i_1/O
                         net (fo=1, routed)           0.340     1.296    ap_return_OBUF[24]
    N21                  OBUF (Prop_obuf_I_O)         1.192     2.488 r  ap_return_OBUF[24]_inst/O
                         net (fo=0)                   0.000     2.488    ap_return[24]
    N21                                                               r  ap_return[24] (OUT)
  -------------------------------------------------------------------    -------------------

Slack:                    inf
  Source:                 x[28]
                            (input port)
  Destination:            ap_return[28]
                            (output port)
  Path Group:             (none)
  Path Type:              Min at Fast Process Corner
  Data Path Delay:        2.497ns  (logic 1.444ns (57.852%)  route 1.052ns (42.148%))
  Logic Levels:           3  (IBUF=1 LUT2=1 OBUF=1)

    Location             Delay type                Incr(ns)  Path(ns)    Netlist Resource(s)
  -------------------------------------------------------------------    -------------------
    N14                                               0.000     0.000 r  x[28] (IN)
                         net (fo=0)                   0.000     0.000    x[28]
    N14                  IBUF (Prop_ibuf_I_O)         0.198     0.198 r  x_IBUF[28]_inst/O
                         net (fo=3, routed)           0.713     0.911    x_IBUF[28]
    SLICE_X0Y127         LUT2 (Prop_lut2_I1_O)        0.044     0.955 r  ap_return_OBUF[28]_inst_i_1/O
                         net (fo=1, routed)           0.340     1.294    ap_return_OBUF[28]
    L22                  OBUF (Prop_obuf_I_O)         1.202     2.497 r  ap_return_OBUF[28]_inst/O
                         net (fo=0)                   0.000     2.497    ap_return[28]
    L22                                                               r  ap_return[28] (OUT)
  -------------------------------------------------------------------    -------------------

Slack:                    inf
  Source:                 x[9]
                            (input port)
  Destination:            ap_return[9]
                            (output port)
  Path Group:             (none)
  Path Type:              Min at Fast Process Corner
  Data Path Delay:        2.516ns  (logic 1.391ns (55.307%)  route 1.124ns (44.693%))
  Logic Levels:           3  (IBUF=1 LUT2=1 OBUF=1)

    Location             Delay type                Incr(ns)  Path(ns)    Netlist Resource(s)
  -------------------------------------------------------------------    -------------------
    P18                                               0.000     0.000 r  x[9] (IN)
                         net (fo=0)                   0.000     0.000    x[9]
    P18                  IBUF (Prop_ibuf_I_O)         0.173     0.173 r  x_IBUF[9]_inst/O
                         net (fo=3, routed)           0.850     1.023    x_IBUF[9]
    SLICE_X0Y109         LUT2 (Prop_lut2_I1_O)        0.045     1.068 r  ap_return_OBUF[9]_inst_i_1/O
                         net (fo=1, routed)           0.274     1.342    ap_return_OBUF[9]
    M26                  OBUF (Prop_obuf_I_O)         1.174     2.516 r  ap_return_OBUF[9]_inst/O
                         net (fo=0)                   0.000     2.516    ap_return[9]
    M26                                                               r  ap_return[9] (OUT)
  -------------------------------------------------------------------    -------------------

Slack:                    inf
  Source:                 x[26]
                            (input port)
  Destination:            ap_return[26]
                            (output port)
  Path Group:             (none)
  Path Type:              Min at Fast Process Corner
  Data Path Delay:        2.518ns  (logic 1.432ns (56.863%)  route 1.086ns (43.137%))
  Logic Levels:           3  (IBUF=1 LUT2=1 OBUF=1)

    Location             Delay type                Incr(ns)  Path(ns)    Netlist Resource(s)
  -------------------------------------------------------------------    -------------------
    P16                                               0.000     0.000 r  x[26] (IN)
                         net (fo=0)                   0.000     0.000    x[26]
    P16                  IBUF (Prop_ibuf_I_O)         0.185     0.185 r  x_IBUF[26]_inst/O
                         net (fo=3, routed)           0.747     0.932    x_IBUF[26]
    SLICE_X0Y125         LUT2 (Prop_lut2_I1_O)        0.044     0.976 r  ap_return_OBUF[26]_inst_i_1/O
                         net (fo=1, routed)           0.340     1.316    ap_return_OBUF[26]
    M21                  OBUF (Prop_obuf_I_O)         1.202     2.518 r  ap_return_OBUF[26]_inst/O
                         net (fo=0)                   0.000     2.518    ap_return[26]
    M21                                                               r  ap_return[26] (OUT)
  -------------------------------------------------------------------    -------------------

Slack:                    inf
  Source:                 x[30]
                            (input port)
  Destination:            ap_return[30]
                            (output port)
  Path Group:             (none)
  Path Type:              Min at Fast Process Corner
  Data Path Delay:        2.549ns  (logic 1.464ns (57.413%)  route 1.086ns (42.587%))
  Logic Levels:           3  (IBUF=1 LUT2=1 OBUF=1)

    Location             Delay type                Incr(ns)  Path(ns)    Netlist Resource(s)
  -------------------------------------------------------------------    -------------------
    R15                                               0.000     0.000 r  x[30] (IN)
                         net (fo=0)                   0.000     0.000    x[30]
    R15                  IBUF (Prop_ibuf_I_O)         0.202     0.202 r  x_IBUF[30]_inst/O
                         net (fo=3, routed)           0.701     0.903    x_IBUF[30]
    SLICE_X0Y128         LUT2 (Prop_lut2_I1_O)        0.046     0.949 r  ap_return_OBUF[30]_inst_i_1/O
                         net (fo=1, routed)           0.384     1.333    ap_return_OBUF[30]
    M24                  OBUF (Prop_obuf_I_O)         1.216     2.549 r  ap_return_OBUF[30]_inst/O
                         net (fo=0)                   0.000     2.549    ap_return[30]
    M24                                                               r  ap_return[30] (OUT)
  -------------------------------------------------------------------    -------------------

Slack:                    inf
  Source:                 x[7]
                            (input port)
  Destination:            ap_return[7]
                            (output port)
  Path Group:             (none)
  Path Type:              Min at Fast Process Corner
  Data Path Delay:        2.554ns  (logic 1.368ns (53.547%)  route 1.186ns (46.453%))
  Logic Levels:           3  (IBUF=1 LUT2=1 OBUF=1)

    Location             Delay type                Incr(ns)  Path(ns)    Netlist Resource(s)
  -------------------------------------------------------------------    -------------------
    N18                                               0.000     0.000 r  x[7] (IN)
                         net (fo=0)                   0.000     0.000    x[7]
    N18                  IBUF (Prop_ibuf_I_O)         0.166     0.166 r  x_IBUF[7]_inst/O
                         net (fo=3, routed)           0.912     1.078    x_IBUF[7]
    SLICE_X0Y107         LUT2 (Prop_lut2_I1_O)        0.045     1.123 r  ap_return_OBUF[7]_inst_i_1/O
                         net (fo=1, routed)           0.274     1.398    ap_return_OBUF[7]
    T25                  OBUF (Prop_obuf_I_O)         1.157     2.554 r  ap_return_OBUF[7]_inst/O
                         net (fo=0)                   0.000     2.554    ap_return[7]
    T25                                                               r  ap_return[7] (OUT)
  -------------------------------------------------------------------    -------------------





