Copyright 1986-2021 Xilinx, Inc. All Rights Reserved.
------------------------------------------------------------------------------------
| Tool Version : Vivado v.2021.2 (win64) Build 3367213 Tue Oct 19 02:48:09 MDT 2021
| Date         : Fri Feb 23 17:11:28 2024
| Host         : DESKTOP-QG17U6G running 64-bit major release  (build 9200)
| Command      : report_control_sets -verbose -file ReLU_1_control_sets_placed.rpt
| Design       : ReLU_1
| Device       : xc7a200t
------------------------------------------------------------------------------------

Control Set Information

Table of Contents
-----------------
1. Summary
2. Histogram
3. Flip-Flop Distribution
4. Detailed Control Set Information

1. Summary
----------

+----------------------------------------------------------+-------+
|                          Status                          | Count |
+----------------------------------------------------------+-------+
| Total control sets                                       |     6 |
|    Minimum number of control sets                        |     6 |
|    Addition due to synthesis replication                 |     0 |
|    Addition due to physical synthesis replication        |     0 |
| Unused register locations in slices containing registers |    23 |
+----------------------------------------------------------+-------+
* Control sets can be merged at opt_design using control_set_merge or merge_equivalent_drivers
** Run report_qor_suggestions for automated merging and remapping suggestions


2. Histogram
------------

+--------------------+-------+
|       Fanout       | Count |
+--------------------+-------+
| Total control sets |     6 |
| >= 0 to < 4        |     0 |
| >= 4 to < 6        |     0 |
| >= 6 to < 8        |     0 |
| >= 8 to < 10       |     0 |
| >= 10 to < 12      |     1 |
| >= 12 to < 14      |     1 |
| >= 14 to < 16      |     0 |
| >= 16              |     4 |
+--------------------+-------+
* Control sets can be remapped at either synth_design or opt_design


3. Flip-Flop Distribution
-------------------------

+--------------+-----------------------+------------------------+-----------------+--------------+
| Clock Enable | Synchronous Set/Reset | Asynchronous Set/Reset | Total Registers | Total Slices |
+--------------+-----------------------+------------------------+-----------------+--------------+
| No           | No                    | No                     |             161 |           52 |
| No           | No                    | Yes                    |               0 |            0 |
| No           | Yes                   | No                     |              41 |           12 |
| Yes          | No                    | No                     |              56 |           18 |
| Yes          | No                    | Yes                    |               0 |            0 |
| Yes          | Yes                   | No                     |              31 |           10 |
+--------------+-----------------------+------------------------+-----------------+--------------+


4. Detailed Control Set Information
-----------------------------------

+-------------------+-----------------------+-------------------------------------------------------------------------------------------------------------------------------------------+------------------+----------------+--------------+
|    Clock Signal   |     Enable Signal     |                                                              Set/Reset Signal                                                             | Slice Load Count | Bel Load Count | Bels / Slice |
+-------------------+-----------------------+-------------------------------------------------------------------------------------------------------------------------------------------+------------------+----------------+--------------+
|  ap_clk_IBUF_BUFG |                       | ap_rst_IBUF                                                                                                                               |                4 |             10 |         2.50 |
|  ap_clk_IBUF_BUFG | inst/ap_CS_fsm_state7 |                                                                                                                                           |                5 |             13 |         2.60 |
|  ap_clk_IBUF_BUFG |                       | inst/sitodp_32ns_64_6_no_dsp_1_U1/ReLU_sitodp_32ns_64_6_no_dsp_1_ip_u/inst/i_synth/FIX_TO_FLT_OP.SPD.OP/EXP/ZERO_DELAY/i_pipe/op_state[0] |                8 |             31 |         3.88 |
|  ap_clk_IBUF_BUFG | inst/ap_CS_fsm_state7 | inst/tmp_5_reg_304[51]_i_1_n_0                                                                                                            |               10 |             31 |         3.10 |
|  ap_clk_IBUF_BUFG | inst/ap_CS_fsm_state6 |                                                                                                                                           |               13 |             43 |         3.31 |
|  ap_clk_IBUF_BUFG |                       |                                                                                                                                           |               52 |            162 |         3.12 |
+-------------------+-----------------------+-------------------------------------------------------------------------------------------------------------------------------------------+------------------+----------------+--------------+


